#
# There is insufficient memory for the Java Runtime Environment to continue.
# Native memory allocation (malloc) failed to allocate 32744 bytes for ChunkPool::allocate
# Possible reasons:
#   The system is out of physical RAM or swap space
#   The process is running with CompressedOops enabled, and the Java Heap may be blocking the growth of the native heap
# Possible solutions:
#   Reduce memory load on the system
#   Increase physical memory or swap space
#   Check if swap backing store is full
#   Decrease Java heap size (-Xmx/-Xms)
#   Decrease number of Java threads
#   Decrease Java thread stack sizes (-Xss)
#   Set larger code cache with -XX:ReservedCodeCacheSize=
#   JVM is running with Unscaled Compressed Oops mode in which the Java heap is
#     placed in the first 4GB address space. The Java Heap base address is the
#     maximum limit for the native heap growth. Please use -XX:HeapBaseMinAddress
#     to set the Java Heap base and to place the Java Heap above 4GB virtual address.
# This output file may be truncated or incomplete.
#
#  Out of Memory Error (./src/hotspot/share/memory/arena.cpp:81), pid=1280, tid=6676
#
# JRE version: OpenJDK Runtime Environment (11.0.11+9) (build 11.0.11+9-b60-7590822)
# Java VM: OpenJDK 64-Bit Server VM (11.0.11+9-b60-7590822, mixed mode, tiered, compressed oops, g1 gc, windows-amd64)
# No core dump will be written. Minidumps are not enabled by default on client versions of Windows
#

---------------  S U M M A R Y ------------

Command Line: --add-opens=java.base/java.util=ALL-UNNAMED --add-opens=java.base/java.lang=ALL-UNNAMED --add-opens=java.base/java.lang.invoke=ALL-UNNAMED --add-opens=java.base/java.util=ALL-UNNAMED --add-opens=java.prefs/java.util.prefs=ALL-UNNAMED --add-opens=java.prefs/java.util.prefs=ALL-UNNAMED --add-opens=java.base/java.nio.charset=ALL-UNNAMED --add-opens=java.base/java.net=ALL-UNNAMED --add-opens=java.base/java.util.concurrent.atomic=ALL-UNNAMED -Xmx2048m -Dfile.encoding=UTF-8 -Duser.country=US -Duser.language=en -Duser.variant org.gradle.launcher.daemon.bootstrap.GradleDaemon 7.2

Host: Intel(R) Core(TM) i5-7300HQ CPU @ 2.50GHz, 4 cores, 7G,  Windows 10 , 64 bit Build 19041 (10.0.19041.1503)
Time: Sat Mar 12 09:22:20 2022 SE Asia Standard Time elapsed time: 377.527526 seconds (0d 0h 6m 17s)

---------------  T H R E A D  ---------------

Current thread (0x0000021441838000):  JavaThread "C1 CompilerThread0" daemon [_thread_in_native, id=6676, stack(0x00000075e8600000,0x00000075e8700000)]


Current CompileTask:
C1: 377527 21345       3       org.gradle.internal.service.InjectUtil::selectConstructor (167 bytes)

Stack: [0x00000075e8600000,0x00000075e8700000]
Native frames: (J=compiled Java code, j=interpreted, Vv=VM code, C=native code)
V  [jvm.dll+0x5f214a]
V  [jvm.dll+0x726fb5]
V  [jvm.dll+0x7285cd]
V  [jvm.dll+0x728c83]
V  [jvm.dll+0x243278]
V  [jvm.dll+0xbc78b]
V  [jvm.dll+0xbca3c]
V  [jvm.dll+0x164d29]
V  [jvm.dll+0x165d02]
V  [jvm.dll+0x165dc0]
V  [jvm.dll+0x16801d]
V  [jvm.dll+0x169f84]
V  [jvm.dll+0x12401c]
V  [jvm.dll+0x123b29]
V  [jvm.dll+0x123c93]
V  [jvm.dll+0x122fa7]
V  [jvm.dll+0x124b77]
V  [jvm.dll+0x209a57]
V  [jvm.dll+0x2082a1]
V  [jvm.dll+0x6ef58f]
V  [jvm.dll+0x6e80b5]
V  [jvm.dll+0x5f1036]
C  [ucrtbase.dll+0x21bb2]
C  [KERNEL32.DLL+0x17034]
C  [ntdll.dll+0x52651]


---------------  P R O C E S S  ---------------

Threads class SMR info:
_java_thread_list=0x000002144f594200, length=39, elements={
0x0000021427c23800, 0x0000021441813000, 0x000002144181e800, 0x000002144182f000,
0x000002144182f800, 0x0000021441832800, 0x0000021441835800, 0x0000021441838000,
0x0000021441855800, 0x00000214422f6800, 0x0000021444829000, 0x00000214423c9800,
0x00000214431b8800, 0x0000021444e2b000, 0x0000021444e26000, 0x0000021444e2a000,
0x0000021444e2c000, 0x0000021444e27000, 0x0000021444e27800, 0x0000021444e28800,
0x00000214459bd800, 0x00000214459be000, 0x00000214459bb800, 0x00000214459c2800,
0x0000021448251800, 0x0000021448246000, 0x0000021448247000, 0x0000021443b3e800,
0x0000021443b3e000, 0x0000021443b39000, 0x0000021443b39800, 0x0000021443b3d000,
0x0000021443b3f800, 0x000002144bec2800, 0x000002144bec3000, 0x000002144bebf000,
0x000002144bec5800, 0x000002144bec4800, 0x000002144bec4000
}

Java Threads: ( => current thread )
  0x0000021427c23800 JavaThread "main" [_thread_blocked, id=16324, stack(0x00000075e7900000,0x00000075e7a00000)]
  0x0000021441813000 JavaThread "Reference Handler" daemon [_thread_blocked, id=12104, stack(0x00000075e8000000,0x00000075e8100000)]
  0x000002144181e800 JavaThread "Finalizer" daemon [_thread_blocked, id=17704, stack(0x00000075e8100000,0x00000075e8200000)]
  0x000002144182f000 JavaThread "Signal Dispatcher" daemon [_thread_blocked, id=14172, stack(0x00000075e8200000,0x00000075e8300000)]
  0x000002144182f800 JavaThread "Attach Listener" daemon [_thread_blocked, id=18688, stack(0x00000075e8300000,0x00000075e8400000)]
  0x0000021441832800 JavaThread "Service Thread" daemon [_thread_blocked, id=19936, stack(0x00000075e8400000,0x00000075e8500000)]
  0x0000021441835800 JavaThread "C2 CompilerThread0" daemon [_thread_in_native, id=12856, stack(0x00000075e8500000,0x00000075e8600000)]
=>0x0000021441838000 JavaThread "C1 CompilerThread0" daemon [_thread_in_native, id=6676, stack(0x00000075e8600000,0x00000075e8700000)]
  0x0000021441855800 JavaThread "Sweeper thread" daemon [_thread_blocked, id=20008, stack(0x00000075e8700000,0x00000075e8800000)]
  0x00000214422f6800 JavaThread "Common-Cleaner" daemon [_thread_blocked, id=9172, stack(0x00000075e8800000,0x00000075e8900000)]
  0x0000021444829000 JavaThread "Daemon health stats" [_thread_blocked, id=18056, stack(0x00000075e8d00000,0x00000075e8e00000)]
  0x00000214423c9800 JavaThread "Incoming local TCP Connector on port 64248" [_thread_in_native, id=6072, stack(0x00000075e8a00000,0x00000075e8b00000)]
  0x00000214431b8800 JavaThread "Daemon periodic checks" [_thread_blocked, id=7496, stack(0x00000075e8e00000,0x00000075e8f00000)]
  0x0000021444e2b000 JavaThread "Cache worker for journal cache (C:\Users\Thinh\.gradle\caches\journal-1)" [_thread_blocked, id=16276, stack(0x00000075e9700000,0x00000075e9800000)]
  0x0000021444e26000 JavaThread "File lock request listener" [_thread_in_native, id=11176, stack(0x00000075e9800000,0x00000075e9900000)]
  0x0000021444e2a000 JavaThread "Cache worker for file hash cache (C:\Users\Thinh\.gradle\caches\7.2\fileHashes)" [_thread_blocked, id=10776, stack(0x00000075e9900000,0x00000075e9a00000)]
  0x0000021444e2c000 JavaThread "File watcher server" daemon [_thread_in_native, id=20204, stack(0x00000075e9c00000,0x00000075e9d00000)]
  0x0000021444e27000 JavaThread "File watcher consumer" daemon [_thread_blocked, id=13644, stack(0x00000075e9d00000,0x00000075e9e00000)]
  0x0000021444e27800 JavaThread "jar transforms" [_thread_blocked, id=7660, stack(0x00000075e9e00000,0x00000075e9f00000)]
  0x0000021444e28800 JavaThread "jar transforms Thread 2" [_thread_blocked, id=5124, stack(0x00000075e9f00000,0x00000075ea000000)]
  0x00000214459bd800 JavaThread "jar transforms Thread 3" [_thread_blocked, id=1652, stack(0x00000075ea000000,0x00000075ea100000)]
  0x00000214459be000 JavaThread "jar transforms Thread 4" [_thread_blocked, id=2612, stack(0x00000075ea100000,0x00000075ea200000)]
  0x00000214459bb800 JavaThread "Cache worker for execution history cache (C:\Users\Thinh\.gradle\caches\7.2\executionHistory)" [_thread_blocked, id=15428, stack(0x00000075ea500000,0x00000075ea600000)]
  0x00000214459c2800 JavaThread "Cache worker for file content cache (C:\Users\Thinh\.gradle\caches\7.2\fileContent)" [_thread_blocked, id=14364, stack(0x00000075ea600000,0x00000075ea700000)]
  0x0000021448251800 JavaThread "Memory manager" [_thread_blocked, id=1612, stack(0x00000075ed100000,0x00000075ed200000)]
  0x0000021448246000 JavaThread "Daemon Thread 2" [_thread_blocked, id=10604, stack(0x00000075e7800000,0x00000075e7900000)]
  0x0000021448247000 JavaThread "Daemon worker Thread 2" [_thread_in_native, id=12700, stack(0x00000075e9100000,0x00000075e9200000)]
  0x0000021443b3e800 JavaThread "RMI Scheduler(0)" daemon [_thread_blocked, id=16064, stack(0x00000075e9a00000,0x00000075e9b00000)]
  0x0000021443b3e000 JavaThread "RMI RenewClean-[127.0.0.1:17670,org.jetbrains.kotlin.daemon.common.LoopbackNetworkInterface$ClientLoopbackSocketFactory@3ad4c543]" daemon [_thread_blocked, id=4740, stack(0x00000075edd00000,0x00000075ede00000)]
  0x0000021443b39000 JavaThread "RMI GC Daemon" daemon [_thread_blocked, id=10196, stack(0x00000075ee000000,0x00000075ee100000)]
  0x0000021443b39800 JavaThread "RMI TCP Accept-0" daemon [_thread_in_native, id=13488, stack(0x00000075ee100000,0x00000075ee200000)]
  0x0000021443b3d000 JavaThread "RMI Reaper" [_thread_blocked, id=15160, stack(0x00000075ee200000,0x00000075ee300000)]
  0x0000021443b3f800 JavaThread "RMI TCP Connection(idle)" daemon [_thread_blocked, id=15612, stack(0x00000075ee300000,0x00000075ee400000)]
  0x000002144bec2800 JavaThread "Handler for socket connection from /127.0.0.1:64248 to /127.0.0.1:50180" [_thread_in_native, id=9528, stack(0x00000075e8f00000,0x00000075e9000000)]
  0x000002144bec3000 JavaThread "Cancel handler" [_thread_blocked, id=15440, stack(0x00000075e9000000,0x00000075e9100000)]
  0x000002144bebf000 JavaThread "Asynchronous log dispatcher for DefaultDaemonConnection: socket connection from /127.0.0.1:64248 to /127.0.0.1:50180" [_thread_blocked, id=984, stack(0x00000075e9200000,0x00000075e9300000)]
  0x000002144bec5800 JavaThread "Stdin handler" [_thread_blocked, id=9168, stack(0x00000075e9300000,0x00000075e9400000)]
  0x000002144bec4800 JavaThread "Daemon client event forwarder" [_thread_blocked, id=12436, stack(0x00000075e9400000,0x00000075e9500000)]
  0x000002144bec4000 JavaThread "Cache worker for file hash cache (D:\Kotlin\BT\v2\exerciseMobileApp\firstexercise\.gradle\7.2\fileHashes)" [_thread_blocked, id=12680, stack(0x00000075e9500000,0x00000075e9600000)]

Other Threads:
  0x000002144180f000 VMThread "VM Thread" [stack: 0x00000075e7f00000,0x00000075e8000000] [id=17824]
  0x0000021442301000 WatcherThread [stack: 0x00000075e8900000,0x00000075e8a00000] [id=18776]
  0x0000021425b3d800 GCTaskThread "GC Thread#0" [stack: 0x00000075e7a00000,0x00000075e7b00000] [id=20452]
  0x00000214428db000 GCTaskThread "GC Thread#1" [stack: 0x00000075e8b00000,0x00000075e8c00000] [id=3740]
  0x00000214424bc000 GCTaskThread "GC Thread#2" [stack: 0x00000075e8c00000,0x00000075e8d00000] [id=17100]
  0x0000021444e8e000 GCTaskThread "GC Thread#3" [stack: 0x00000075e9600000,0x00000075e9700000] [id=17528]
  0x0000021427c68800 ConcurrentGCThread "G1 Main Marker" [stack: 0x00000075e7b00000,0x00000075e7c00000] [id=6132]
  0x0000021427c6a000 ConcurrentGCThread "G1 Conc#0" [stack: 0x00000075e7c00000,0x00000075e7d00000] [id=20328]
  0x0000021427cf7000 ConcurrentGCThread "G1 Refine#0" [stack: 0x00000075e7d00000,0x00000075e7e00000] [id=18400]
  0x000002144f2cf000 ConcurrentGCThread "G1 Refine#1" [stack: 0x00000075ee400000,0x00000075ee500000] [id=18088]
  0x000002144f2ca000 ConcurrentGCThread "G1 Refine#2" [stack: 0x00000075ee500000,0x00000075ee600000] [id=3408]
  0x0000021427cf8000 ConcurrentGCThread "G1 Young RemSet Sampling" [stack: 0x00000075e7e00000,0x00000075e7f00000] [id=15588]

Threads with active compile tasks:
C2 CompilerThread0 377572 21343 %     4       org.gradle.internal.logging.text.AbstractLineChoppingStyledTextOutput::doAppend @ 10 (43 bytes)
C1 CompilerThread0 377572 21345       3       org.gradle.internal.service.InjectUtil::selectConstructor (167 bytes)

VM state:not at safepoint (normal execution)

VM Mutex/Monitor currently owned by a thread: None

Heap address: 0x0000000080000000, size: 2048 MB, Compressed Oops mode: 32-bit
Narrow klass base: 0x0000000000000000, Narrow klass shift: 3
Compressed class space size: 1073741824 Address: 0x0000000100000000

Heap:
 garbage-first heap   total 406528K, used 317723K [0x0000000080000000, 0x0000000100000000)
  region size 1024K, 58 young (59392K), 5 survivors (5120K)
 Metaspace       used 135034K, capacity 139006K, committed 139292K, reserved 1169408K
  class space    used 17112K, capacity 18599K, committed 18688K, reserved 1048576K
Heap Regions: E=young(eden), S=young(survivor), O=old, HS=humongous(starts), HC=humongous(continues), CS=collection set, F=free, A=archive, TAMS=top-at-mark-start (previous, next)
|   0|0x0000000080000000, 0x0000000080100000, 0x0000000080100000|100%| O|  |TAMS 0x0000000080100000, 0x0000000080000000| Untracked 
|   1|0x0000000080100000, 0x0000000080200000, 0x0000000080200000|100%| O|  |TAMS 0x0000000080200000, 0x0000000080100000| Untracked 
|   2|0x0000000080200000, 0x0000000080300000, 0x0000000080300000|100%| O|  |TAMS 0x0000000080300000, 0x0000000080200000| Untracked 
|   3|0x0000000080300000, 0x0000000080400000, 0x0000000080400000|100%|HS|  |TAMS 0x0000000080400000, 0x0000000080300000| Complete 
|   4|0x0000000080400000, 0x0000000080500000, 0x0000000080500000|100%|HC|  |TAMS 0x0000000080500000, 0x0000000080400000| Complete 
|   5|0x0000000080500000, 0x0000000080600000, 0x0000000080600000|100%|HC|  |TAMS 0x0000000080600000, 0x0000000080500000| Complete 
|   6|0x0000000080600000, 0x0000000080700000, 0x0000000080700000|100%| O|  |TAMS 0x0000000080700000, 0x0000000080600000| Untracked 
|   7|0x0000000080700000, 0x0000000080800000, 0x0000000080800000|100%| O|  |TAMS 0x0000000080800000, 0x0000000080700000| Untracked 
|   8|0x0000000080800000, 0x0000000080900000, 0x0000000080900000|100%| O|  |TAMS 0x0000000080900000, 0x0000000080800000| Untracked 
|   9|0x0000000080900000, 0x0000000080a00000, 0x0000000080a00000|100%| O|  |TAMS 0x0000000080a00000, 0x0000000080900000| Untracked 
|  10|0x0000000080a00000, 0x0000000080b00000, 0x0000000080b00000|100%| O|  |TAMS 0x0000000080b00000, 0x0000000080a00000| Untracked 
|  11|0x0000000080b00000, 0x0000000080c00000, 0x0000000080c00000|100%| O|  |TAMS 0x0000000080c00000, 0x0000000080b00000| Untracked 
|  12|0x0000000080c00000, 0x0000000080d00000, 0x0000000080d00000|100%| O|  |TAMS 0x0000000080d00000, 0x0000000080c00000| Untracked 
|  13|0x0000000080d00000, 0x0000000080e00000, 0x0000000080e00000|100%| O|  |TAMS 0x0000000080e00000, 0x0000000080d00000| Untracked 
|  14|0x0000000080e00000, 0x0000000080f00000, 0x0000000080f00000|100%| O|  |TAMS 0x0000000080f00000, 0x0000000080e00000| Untracked 
|  15|0x0000000080f00000, 0x0000000081000000, 0x0000000081000000|100%| O|  |TAMS 0x0000000081000000, 0x0000000080f00000| Untracked 
|  16|0x0000000081000000, 0x0000000081100000, 0x0000000081100000|100%| O|  |TAMS 0x0000000081100000, 0x0000000081000000| Untracked 
|  17|0x0000000081100000, 0x0000000081200000, 0x0000000081200000|100%|HS|  |TAMS 0x0000000081200000, 0x0000000081100000| Complete 
|  18|0x0000000081200000, 0x0000000081300000, 0x0000000081300000|100%|HC|  |TAMS 0x0000000081300000, 0x0000000081200000| Complete 
|  19|0x0000000081300000, 0x0000000081400000, 0x0000000081400000|100%|HS|  |TAMS 0x0000000081400000, 0x0000000081300000| Complete 
|  20|0x0000000081400000, 0x0000000081500000, 0x0000000081500000|100%|HC|  |TAMS 0x0000000081500000, 0x0000000081400000| Complete 
|  21|0x0000000081500000, 0x0000000081600000, 0x0000000081600000|100%|HC|  |TAMS 0x0000000081600000, 0x0000000081500000| Complete 
|  22|0x0000000081600000, 0x0000000081700000, 0x0000000081700000|100%|HS|  |TAMS 0x0000000081700000, 0x0000000081600000| Complete 
|  23|0x0000000081700000, 0x0000000081800000, 0x0000000081800000|100%|HC|  |TAMS 0x0000000081800000, 0x0000000081700000| Complete 
|  24|0x0000000081800000, 0x0000000081900000, 0x0000000081900000|100%|HC|  |TAMS 0x0000000081900000, 0x0000000081800000| Complete 
|  25|0x0000000081900000, 0x0000000081a00000, 0x0000000081a00000|100%|HC|  |TAMS 0x0000000081a00000, 0x0000000081900000| Complete 
|  26|0x0000000081a00000, 0x0000000081b00000, 0x0000000081b00000|100%| O|  |TAMS 0x0000000081b00000, 0x0000000081a00000| Untracked 
|  27|0x0000000081b00000, 0x0000000081c00000, 0x0000000081c00000|100%| O|  |TAMS 0x0000000081c00000, 0x0000000081b00000| Untracked 
|  28|0x0000000081c00000, 0x0000000081d00000, 0x0000000081d00000|100%| O|  |TAMS 0x0000000081d00000, 0x0000000081c00000| Untracked 
|  29|0x0000000081d00000, 0x0000000081e00000, 0x0000000081e00000|100%| O|  |TAMS 0x0000000081e00000, 0x0000000081d00000| Untracked 
|  30|0x0000000081e00000, 0x0000000081f00000, 0x0000000081f00000|100%| O|  |TAMS 0x0000000081f00000, 0x0000000081e00000| Untracked 
|  31|0x0000000081f00000, 0x0000000082000000, 0x0000000082000000|100%| O|  |TAMS 0x0000000082000000, 0x0000000081f00000| Untracked 
|  32|0x0000000082000000, 0x0000000082100000, 0x0000000082100000|100%| O|  |TAMS 0x0000000082100000, 0x0000000082000000| Untracked 
|  33|0x0000000082100000, 0x0000000082200000, 0x0000000082200000|100%| O|  |TAMS 0x0000000082200000, 0x0000000082100000| Untracked 
|  34|0x0000000082200000, 0x0000000082300000, 0x0000000082300000|100%| O|  |TAMS 0x0000000082300000, 0x0000000082200000| Untracked 
|  35|0x0000000082300000, 0x0000000082400000, 0x0000000082400000|100%| O|  |TAMS 0x0000000082400000, 0x0000000082300000| Untracked 
|  36|0x0000000082400000, 0x0000000082500000, 0x0000000082500000|100%| O|  |TAMS 0x0000000082500000, 0x0000000082400000| Untracked 
|  37|0x0000000082500000, 0x0000000082600000, 0x0000000082600000|100%| O|  |TAMS 0x0000000082600000, 0x0000000082500000| Untracked 
|  38|0x0000000082600000, 0x0000000082700000, 0x0000000082700000|100%| O|  |TAMS 0x0000000082700000, 0x0000000082600000| Untracked 
|  39|0x0000000082700000, 0x0000000082800000, 0x0000000082800000|100%|HS|  |TAMS 0x0000000082800000, 0x0000000082700000| Complete 
|  40|0x0000000082800000, 0x0000000082900000, 0x0000000082900000|100%|HC|  |TAMS 0x0000000082900000, 0x0000000082800000| Complete 
|  41|0x0000000082900000, 0x0000000082a00000, 0x0000000082a00000|100%|HC|  |TAMS 0x0000000082a00000, 0x0000000082900000| Complete 
|  42|0x0000000082a00000, 0x0000000082b00000, 0x0000000082b00000|100%|HS|  |TAMS 0x0000000082b00000, 0x0000000082a00000| Complete 
|  43|0x0000000082b00000, 0x0000000082c00000, 0x0000000082c00000|100%|HS|  |TAMS 0x0000000082c00000, 0x0000000082b00000| Complete 
|  44|0x0000000082c00000, 0x0000000082d00000, 0x0000000082d00000|100%|HC|  |TAMS 0x0000000082d00000, 0x0000000082c00000| Complete 
|  45|0x0000000082d00000, 0x0000000082e00000, 0x0000000082e00000|100%|HC|  |TAMS 0x0000000082e00000, 0x0000000082d00000| Complete 
|  46|0x0000000082e00000, 0x0000000082f00000, 0x0000000082f00000|100%|HC|  |TAMS 0x0000000082f00000, 0x0000000082e00000| Complete 
|  47|0x0000000082f00000, 0x0000000083000000, 0x0000000083000000|100%| O|  |TAMS 0x0000000083000000, 0x0000000082f00000| Untracked 
|  48|0x0000000083000000, 0x0000000083100000, 0x0000000083100000|100%| O|  |TAMS 0x0000000083100000, 0x0000000083000000| Untracked 
|  49|0x0000000083100000, 0x0000000083200000, 0x0000000083200000|100%|HS|  |TAMS 0x0000000083200000, 0x0000000083100000| Complete 
|  50|0x0000000083200000, 0x0000000083300000, 0x0000000083300000|100%|HS|  |TAMS 0x0000000083300000, 0x0000000083200000| Complete 
|  51|0x0000000083300000, 0x0000000083400000, 0x0000000083400000|100%|HS|  |TAMS 0x0000000083400000, 0x0000000083300000| Complete 
|  52|0x0000000083400000, 0x0000000083500000, 0x0000000083500000|100%|HS|  |TAMS 0x0000000083500000, 0x0000000083400000| Complete 
|  53|0x0000000083500000, 0x0000000083600000, 0x0000000083600000|100%|HC|  |TAMS 0x0000000083600000, 0x0000000083500000| Complete 
|  54|0x0000000083600000, 0x0000000083700000, 0x0000000083700000|100%|HC|  |TAMS 0x0000000083700000, 0x0000000083600000| Complete 
|  55|0x0000000083700000, 0x0000000083800000, 0x0000000083800000|100%|HS|  |TAMS 0x0000000083800000, 0x0000000083700000| Complete 
|  56|0x0000000083800000, 0x0000000083900000, 0x0000000083900000|100%|HC|  |TAMS 0x0000000083900000, 0x0000000083800000| Complete 
|  57|0x0000000083900000, 0x0000000083a00000, 0x0000000083a00000|100%| O|  |TAMS 0x0000000083a00000, 0x0000000083900000| Untracked 
|  58|0x0000000083a00000, 0x0000000083b00000, 0x0000000083b00000|100%| O|  |TAMS 0x0000000083b00000, 0x0000000083a00000| Untracked 
|  59|0x0000000083b00000, 0x0000000083c00000, 0x0000000083c00000|100%| O|  |TAMS 0x0000000083c00000, 0x0000000083b00000| Untracked 
|  60|0x0000000083c00000, 0x0000000083d00000, 0x0000000083d00000|100%| O|  |TAMS 0x0000000083d00000, 0x0000000083c00000| Untracked 
|  61|0x0000000083d00000, 0x0000000083e00000, 0x0000000083e00000|100%| O|  |TAMS 0x0000000083e00000, 0x0000000083d00000| Untracked 
|  62|0x0000000083e00000, 0x0000000083f00000, 0x0000000083f00000|100%| O|  |TAMS 0x0000000083f00000, 0x0000000083e00000| Untracked 
|  63|0x0000000083f00000, 0x0000000084000000, 0x0000000084000000|100%|HS|  |TAMS 0x0000000083f00000, 0x0000000083f00000| Complete 
|  64|0x0000000084000000, 0x0000000084100000, 0x0000000084100000|100%| O|  |TAMS 0x0000000084100000, 0x0000000084000000| Untracked 
|  65|0x0000000084100000, 0x0000000084200000, 0x0000000084200000|100%| O|  |TAMS 0x0000000084200000, 0x0000000084100000| Untracked 
|  66|0x0000000084200000, 0x0000000084300000, 0x0000000084300000|100%| O|  |TAMS 0x0000000084300000, 0x0000000084200000| Untracked 
|  67|0x0000000084300000, 0x0000000084400000, 0x0000000084400000|100%| O|  |TAMS 0x0000000084400000, 0x0000000084300000| Untracked 
|  68|0x0000000084400000, 0x0000000084500000, 0x0000000084500000|100%| O|  |TAMS 0x0000000084500000, 0x0000000084400000| Untracked 
|  69|0x0000000084500000, 0x0000000084600000, 0x0000000084600000|100%| O|  |TAMS 0x0000000084600000, 0x0000000084500000| Untracked 
|  70|0x0000000084600000, 0x0000000084700000, 0x0000000084700000|100%| O|  |TAMS 0x0000000084700000, 0x0000000084600000| Untracked 
|  71|0x0000000084700000, 0x0000000084800000, 0x0000000084800000|100%| O|  |TAMS 0x0000000084800000, 0x0000000084700000| Untracked 
|  72|0x0000000084800000, 0x0000000084900000, 0x0000000084900000|100%| O|  |TAMS 0x0000000084900000, 0x0000000084800000| Untracked 
|  73|0x0000000084900000, 0x0000000084a00000, 0x0000000084a00000|100%| O|  |TAMS 0x0000000084a00000, 0x0000000084900000| Untracked 
|  74|0x0000000084a00000, 0x0000000084b00000, 0x0000000084b00000|100%| O|  |TAMS 0x0000000084b00000, 0x0000000084a00000| Untracked 
|  75|0x0000000084b00000, 0x0000000084c00000, 0x0000000084c00000|100%| O|  |TAMS 0x0000000084c00000, 0x0000000084b00000| Untracked 
|  76|0x0000000084c00000, 0x0000000084d00000, 0x0000000084d00000|100%| O|  |TAMS 0x0000000084d00000, 0x0000000084c00000| Untracked 
|  77|0x0000000084d00000, 0x0000000084e00000, 0x0000000084e00000|100%| O|  |TAMS 0x0000000084e00000, 0x0000000084d00000| Untracked 
|  78|0x0000000084e00000, 0x0000000084f00000, 0x0000000084f00000|100%| O|  |TAMS 0x0000000084f00000, 0x0000000084e00000| Untracked 
|  79|0x0000000084f00000, 0x0000000085000000, 0x0000000085000000|100%| O|  |TAMS 0x0000000085000000, 0x0000000084f00000| Untracked 
|  80|0x0000000085000000, 0x0000000085100000, 0x0000000085100000|100%| O|  |TAMS 0x0000000085100000, 0x0000000085000000| Untracked 
|  81|0x0000000085100000, 0x0000000085200000, 0x0000000085200000|100%|HS|  |TAMS 0x0000000085200000, 0x0000000085100000| Complete 
|  82|0x0000000085200000, 0x0000000085300000, 0x0000000085300000|100%|HC|  |TAMS 0x0000000085300000, 0x0000000085200000| Complete 
|  83|0x0000000085300000, 0x0000000085400000, 0x0000000085400000|100%| O|  |TAMS 0x0000000085400000, 0x0000000085300000| Untracked 
|  84|0x0000000085400000, 0x0000000085500000, 0x0000000085500000|100%| O|  |TAMS 0x0000000085500000, 0x0000000085400000| Untracked 
|  85|0x0000000085500000, 0x0000000085600000, 0x0000000085600000|100%| O|  |TAMS 0x0000000085600000, 0x0000000085500000| Untracked 
|  86|0x0000000085600000, 0x0000000085700000, 0x0000000085700000|100%| O|  |TAMS 0x0000000085700000, 0x0000000085600000| Untracked 
|  87|0x0000000085700000, 0x0000000085800000, 0x0000000085800000|100%| O|  |TAMS 0x0000000085800000, 0x0000000085700000| Untracked 
|  88|0x0000000085800000, 0x0000000085900000, 0x0000000085900000|100%| O|  |TAMS 0x0000000085900000, 0x0000000085800000| Untracked 
|  89|0x0000000085900000, 0x0000000085a00000, 0x0000000085a00000|100%| O|  |TAMS 0x0000000085a00000, 0x0000000085900000| Untracked 
|  90|0x0000000085a00000, 0x0000000085b00000, 0x0000000085b00000|100%| O|  |TAMS 0x0000000085b00000, 0x0000000085a00000| Untracked 
|  91|0x0000000085b00000, 0x0000000085c00000, 0x0000000085c00000|100%|HS|  |TAMS 0x0000000085c00000, 0x0000000085b00000| Complete 
|  92|0x0000000085c00000, 0x0000000085d00000, 0x0000000085d00000|100%|HC|  |TAMS 0x0000000085d00000, 0x0000000085c00000| Complete 
|  93|0x0000000085d00000, 0x0000000085e00000, 0x0000000085e00000|100%|HC|  |TAMS 0x0000000085e00000, 0x0000000085d00000| Complete 
|  94|0x0000000085e00000, 0x0000000085f00000, 0x0000000085f00000|100%|HS|  |TAMS 0x0000000085f00000, 0x0000000085e00000| Complete 
|  95|0x0000000085f00000, 0x0000000086000000, 0x0000000086000000|100%|HC|  |TAMS 0x0000000086000000, 0x0000000085f00000| Complete 
|  96|0x0000000086000000, 0x0000000086100000, 0x0000000086100000|100%|HC|  |TAMS 0x0000000086100000, 0x0000000086000000| Complete 
|  97|0x0000000086100000, 0x0000000086200000, 0x0000000086200000|100%|HC|  |TAMS 0x0000000086200000, 0x0000000086100000| Complete 
|  98|0x0000000086200000, 0x0000000086300000, 0x0000000086300000|100%| O|  |TAMS 0x0000000086300000, 0x0000000086200000| Untracked 
|  99|0x0000000086300000, 0x0000000086400000, 0x0000000086400000|100%| O|  |TAMS 0x0000000086400000, 0x0000000086300000| Untracked 
| 100|0x0000000086400000, 0x0000000086500000, 0x0000000086500000|100%| O|  |TAMS 0x0000000086500000, 0x0000000086400000| Untracked 
| 101|0x0000000086500000, 0x0000000086600000, 0x0000000086600000|100%| O|  |TAMS 0x0000000086600000, 0x0000000086500000| Untracked 
| 102|0x0000000086600000, 0x0000000086700000, 0x0000000086700000|100%| O|  |TAMS 0x0000000086700000, 0x0000000086600000| Untracked 
| 103|0x0000000086700000, 0x0000000086800000, 0x0000000086800000|100%| O|  |TAMS 0x0000000086800000, 0x0000000086700000| Untracked 
| 104|0x0000000086800000, 0x0000000086900000, 0x0000000086900000|100%| O|  |TAMS 0x0000000086900000, 0x0000000086800000| Untracked 
| 105|0x0000000086900000, 0x0000000086a00000, 0x0000000086a00000|100%| O|  |TAMS 0x0000000086a00000, 0x0000000086900000| Untracked 
| 106|0x0000000086a00000, 0x0000000086b00000, 0x0000000086b00000|100%| O|  |TAMS 0x0000000086b00000, 0x0000000086a00000| Untracked 
| 107|0x0000000086b00000, 0x0000000086c00000, 0x0000000086c00000|100%| O|  |TAMS 0x0000000086c00000, 0x0000000086b00000| Untracked 
| 108|0x0000000086c00000, 0x0000000086d00000, 0x0000000086d00000|100%| O|  |TAMS 0x0000000086d00000, 0x0000000086c00000| Untracked 
| 109|0x0000000086d00000, 0x0000000086e00000, 0x0000000086e00000|100%| O|  |TAMS 0x0000000086e00000, 0x0000000086d00000| Untracked 
| 110|0x0000000086e00000, 0x0000000086f00000, 0x0000000086f00000|100%| O|  |TAMS 0x0000000086f00000, 0x0000000086e00000| Untracked 
| 111|0x0000000086f00000, 0x0000000087000000, 0x0000000087000000|100%|HS|  |TAMS 0x0000000086f00000, 0x0000000086f00000| Complete 
| 112|0x0000000087000000, 0x0000000087100000, 0x0000000087100000|100%| O|  |TAMS 0x0000000087100000, 0x0000000087000000| Untracked 
| 113|0x0000000087100000, 0x0000000087200000, 0x0000000087200000|100%| O|  |TAMS 0x0000000087200000, 0x0000000087100000| Untracked 
| 114|0x0000000087200000, 0x0000000087300000, 0x0000000087300000|100%| O|  |TAMS 0x0000000087300000, 0x0000000087200000| Untracked 
| 115|0x0000000087300000, 0x0000000087400000, 0x0000000087400000|100%| O|  |TAMS 0x0000000087400000, 0x0000000087300000| Untracked 
| 116|0x0000000087400000, 0x0000000087500000, 0x0000000087500000|100%|HS|  |TAMS 0x0000000087400000, 0x0000000087400000| Complete 
| 117|0x0000000087500000, 0x0000000087600000, 0x0000000087600000|100%| O|  |TAMS 0x0000000087600000, 0x0000000087500000| Untracked 
| 118|0x0000000087600000, 0x0000000087700000, 0x0000000087700000|100%| O|  |TAMS 0x0000000087700000, 0x0000000087600000| Untracked 
| 119|0x0000000087700000, 0x0000000087800000, 0x0000000087800000|100%|HS|  |TAMS 0x0000000087700000, 0x0000000087700000| Complete 
| 120|0x0000000087800000, 0x0000000087900000, 0x0000000087900000|100%| O|  |TAMS 0x0000000087900000, 0x0000000087800000| Untracked 
| 121|0x0000000087900000, 0x0000000087a00000, 0x0000000087a00000|100%| O|  |TAMS 0x0000000087a00000, 0x0000000087900000| Untracked 
| 122|0x0000000087a00000, 0x0000000087b00000, 0x0000000087b00000|100%| O|  |TAMS 0x0000000087b00000, 0x0000000087a00000| Untracked 
| 123|0x0000000087b00000, 0x0000000087c00000, 0x0000000087c00000|100%| O|  |TAMS 0x0000000087c00000, 0x0000000087b00000| Untracked 
| 124|0x0000000087c00000, 0x0000000087d00000, 0x0000000087d00000|100%| O|  |TAMS 0x0000000087d00000, 0x0000000087c00000| Untracked 
| 125|0x0000000087d00000, 0x0000000087e00000, 0x0000000087e00000|100%| O|  |TAMS 0x0000000087e00000, 0x0000000087d00000| Untracked 
| 126|0x0000000087e00000, 0x0000000087f00000, 0x0000000087f00000|100%| O|  |TAMS 0x0000000087f00000, 0x0000000087e00000| Untracked 
| 127|0x0000000087f00000, 0x0000000088000000, 0x0000000088000000|100%| O|  |TAMS 0x0000000088000000, 0x0000000087f00000| Untracked 
| 128|0x0000000088000000, 0x0000000088100000, 0x0000000088100000|100%| O|  |TAMS 0x0000000088100000, 0x0000000088000000| Untracked 
| 129|0x0000000088100000, 0x0000000088200000, 0x0000000088200000|100%| O|  |TAMS 0x0000000088200000, 0x0000000088100000| Untracked 
| 130|0x0000000088200000, 0x0000000088300000, 0x0000000088300000|100%| O|  |TAMS 0x0000000088300000, 0x0000000088200000| Untracked 
| 131|0x0000000088300000, 0x0000000088400000, 0x0000000088400000|100%| O|  |TAMS 0x0000000088400000, 0x0000000088300000| Untracked 
| 132|0x0000000088400000, 0x0000000088500000, 0x0000000088500000|100%| O|  |TAMS 0x0000000088500000, 0x0000000088400000| Untracked 
| 133|0x0000000088500000, 0x0000000088600000, 0x0000000088600000|100%| O|  |TAMS 0x0000000088600000, 0x0000000088500000| Untracked 
| 134|0x0000000088600000, 0x0000000088700000, 0x0000000088700000|100%| O|  |TAMS 0x0000000088700000, 0x0000000088600000| Untracked 
| 135|0x0000000088700000, 0x0000000088800000, 0x0000000088800000|100%| O|  |TAMS 0x0000000088800000, 0x0000000088700000| Untracked 
| 136|0x0000000088800000, 0x0000000088900000, 0x0000000088900000|100%| O|  |TAMS 0x0000000088900000, 0x0000000088800000| Untracked 
| 137|0x0000000088900000, 0x0000000088a00000, 0x0000000088a00000|100%|HS|  |TAMS 0x0000000088900000, 0x0000000088900000| Complete 
| 138|0x0000000088a00000, 0x0000000088b00000, 0x0000000088b00000|100%|HC|  |TAMS 0x0000000088a00000, 0x0000000088a00000| Complete 
| 139|0x0000000088b00000, 0x0000000088c00000, 0x0000000088c00000|100%| O|  |TAMS 0x0000000088c00000, 0x0000000088b00000| Untracked 
| 140|0x0000000088c00000, 0x0000000088d00000, 0x0000000088d00000|100%|HS|  |TAMS 0x0000000088c00000, 0x0000000088c00000| Complete 
| 141|0x0000000088d00000, 0x0000000088e00000, 0x0000000088e00000|100%|HC|  |TAMS 0x0000000088d00000, 0x0000000088d00000| Complete 
| 142|0x0000000088e00000, 0x0000000088f00000, 0x0000000088f00000|100%|HC|  |TAMS 0x0000000088e00000, 0x0000000088e00000| Complete 
| 143|0x0000000088f00000, 0x0000000089000000, 0x0000000089000000|100%| O|  |TAMS 0x0000000088f00000, 0x0000000088f00000| Untracked 
| 144|0x0000000089000000, 0x0000000089100000, 0x0000000089100000|100%| O|  |TAMS 0x0000000089100000, 0x0000000089000000| Untracked 
| 145|0x0000000089100000, 0x0000000089200000, 0x0000000089200000|100%| O|  |TAMS 0x0000000089200000, 0x0000000089100000| Untracked 
| 146|0x0000000089200000, 0x0000000089300000, 0x0000000089300000|100%| O|  |TAMS 0x0000000089200000, 0x0000000089200000| Untracked 
| 147|0x0000000089300000, 0x0000000089400000, 0x0000000089400000|100%| O|  |TAMS 0x0000000089300000, 0x0000000089300000| Untracked 
| 148|0x0000000089400000, 0x0000000089500000, 0x0000000089500000|100%|HS|  |TAMS 0x0000000089400000, 0x0000000089400000| Complete 
| 149|0x0000000089500000, 0x0000000089600000, 0x0000000089600000|100%| O|  |TAMS 0x0000000089600000, 0x0000000089500000| Untracked 
| 150|0x0000000089600000, 0x0000000089700000, 0x0000000089700000|100%| O|  |TAMS 0x0000000089600000, 0x0000000089600000| Untracked 
| 151|0x0000000089700000, 0x0000000089800000, 0x0000000089800000|100%| O|  |TAMS 0x0000000089800000, 0x0000000089700000| Untracked 
| 152|0x0000000089800000, 0x0000000089900000, 0x0000000089900000|100%| O|  |TAMS 0x0000000089900000, 0x0000000089800000| Untracked 
| 153|0x0000000089900000, 0x0000000089a00000, 0x0000000089a00000|100%| O|  |TAMS 0x0000000089900000, 0x0000000089900000| Untracked 
| 154|0x0000000089a00000, 0x0000000089b00000, 0x0000000089b00000|100%| O|  |TAMS 0x0000000089b00000, 0x0000000089a00000| Untracked 
| 155|0x0000000089b00000, 0x0000000089c00000, 0x0000000089c00000|100%| O|  |TAMS 0x0000000089c00000, 0x0000000089b00000| Untracked 
| 156|0x0000000089c00000, 0x0000000089d00000, 0x0000000089d00000|100%| O|  |TAMS 0x0000000089d00000, 0x0000000089c00000| Untracked 
| 157|0x0000000089d00000, 0x0000000089e00000, 0x0000000089e00000|100%| O|  |TAMS 0x0000000089e00000, 0x0000000089d00000| Untracked 
| 158|0x0000000089e00000, 0x0000000089f00000, 0x0000000089f00000|100%| O|  |TAMS 0x0000000089f00000, 0x0000000089e00000| Untracked 
| 159|0x0000000089f00000, 0x000000008a000000, 0x000000008a000000|100%|HS|  |TAMS 0x0000000089f00000, 0x0000000089f00000| Complete 
| 160|0x000000008a000000, 0x000000008a100000, 0x000000008a100000|100%|HC|  |TAMS 0x000000008a000000, 0x000000008a000000| Complete 
| 161|0x000000008a100000, 0x000000008a200000, 0x000000008a200000|100%| O|  |TAMS 0x000000008a200000, 0x000000008a100000| Untracked 
| 162|0x000000008a200000, 0x000000008a300000, 0x000000008a300000|100%| O|  |TAMS 0x000000008a29d800, 0x000000008a200000| Untracked 
| 163|0x000000008a300000, 0x000000008a400000, 0x000000008a400000|100%| O|  |TAMS 0x000000008a300000, 0x000000008a300000| Untracked 
| 164|0x000000008a400000, 0x000000008a500000, 0x000000008a500000|100%| O|  |TAMS 0x000000008a400000, 0x000000008a400000| Untracked 
| 165|0x000000008a500000, 0x000000008a600000, 0x000000008a600000|100%| O|  |TAMS 0x000000008a500000, 0x000000008a500000| Untracked 
| 166|0x000000008a600000, 0x000000008a700000, 0x000000008a700000|100%|HS|  |TAMS 0x000000008a600000, 0x000000008a600000| Complete 
| 167|0x000000008a700000, 0x000000008a800000, 0x000000008a800000|100%|HC|  |TAMS 0x000000008a700000, 0x000000008a700000| Complete 
| 168|0x000000008a800000, 0x000000008a900000, 0x000000008a900000|100%|HC|  |TAMS 0x000000008a800000, 0x000000008a800000| Complete 
| 169|0x000000008a900000, 0x000000008aa00000, 0x000000008aa00000|100%| O|  |TAMS 0x000000008a900000, 0x000000008a900000| Untracked 
| 170|0x000000008aa00000, 0x000000008ab00000, 0x000000008ab00000|100%| O|  |TAMS 0x000000008aa00000, 0x000000008aa00000| Untracked 
| 171|0x000000008ab00000, 0x000000008ac00000, 0x000000008ac00000|100%| O|  |TAMS 0x000000008ab00000, 0x000000008ab00000| Untracked 
| 172|0x000000008ac00000, 0x000000008ad00000, 0x000000008ad00000|100%| O|  |TAMS 0x000000008ac00000, 0x000000008ac00000| Untracked 
| 173|0x000000008ad00000, 0x000000008ae00000, 0x000000008ae00000|100%| O|  |TAMS 0x000000008ad00000, 0x000000008ad00000| Untracked 
| 174|0x000000008ae00000, 0x000000008af00000, 0x000000008af00000|100%| O|  |TAMS 0x000000008ae00000, 0x000000008ae00000| Untracked 
| 175|0x000000008af00000, 0x000000008b000000, 0x000000008b000000|100%| O|  |TAMS 0x000000008af00000, 0x000000008af00000| Untracked 
| 176|0x000000008b000000, 0x000000008b100000, 0x000000008b100000|100%| O|  |TAMS 0x000000008b000000, 0x000000008b000000| Untracked 
| 177|0x000000008b100000, 0x000000008b200000, 0x000000008b200000|100%| O|  |TAMS 0x000000008b100000, 0x000000008b100000| Untracked 
| 178|0x000000008b200000, 0x000000008b300000, 0x000000008b300000|100%| O|  |TAMS 0x000000008b200000, 0x000000008b200000| Untracked 
| 179|0x000000008b300000, 0x000000008b400000, 0x000000008b400000|100%| O|  |TAMS 0x000000008b300000, 0x000000008b300000| Untracked 
| 180|0x000000008b400000, 0x000000008b500000, 0x000000008b500000|100%| O|  |TAMS 0x000000008b400000, 0x000000008b400000| Untracked 
| 181|0x000000008b500000, 0x000000008b600000, 0x000000008b600000|100%| O|  |TAMS 0x000000008b500000, 0x000000008b500000| Untracked 
| 182|0x000000008b600000, 0x000000008b700000, 0x000000008b700000|100%| O|  |TAMS 0x000000008b600000, 0x000000008b600000| Untracked 
| 183|0x000000008b700000, 0x000000008b800000, 0x000000008b800000|100%| O|  |TAMS 0x000000008b700000, 0x000000008b700000| Untracked 
| 184|0x000000008b800000, 0x000000008b900000, 0x000000008b900000|100%| O|  |TAMS 0x000000008b800000, 0x000000008b800000| Untracked 
| 185|0x000000008b900000, 0x000000008ba00000, 0x000000008ba00000|100%| O|  |TAMS 0x000000008b900000, 0x000000008b900000| Untracked 
| 186|0x000000008ba00000, 0x000000008bb00000, 0x000000008bb00000|100%| O|  |TAMS 0x000000008ba00000, 0x000000008ba00000| Untracked 
| 187|0x000000008bb00000, 0x000000008bc00000, 0x000000008bc00000|100%| O|  |TAMS 0x000000008bb00000, 0x000000008bb00000| Untracked 
| 188|0x000000008bc00000, 0x000000008bd00000, 0x000000008bd00000|100%| O|  |TAMS 0x000000008bc00000, 0x000000008bc00000| Untracked 
| 189|0x000000008bd00000, 0x000000008be00000, 0x000000008be00000|100%| O|  |TAMS 0x000000008bd00000, 0x000000008bd00000| Untracked 
| 190|0x000000008be00000, 0x000000008bf00000, 0x000000008bf00000|100%| O|  |TAMS 0x000000008be00000, 0x000000008be00000| Untracked 
| 191|0x000000008bf00000, 0x000000008c000000, 0x000000008c000000|100%| O|  |TAMS 0x000000008bf00000, 0x000000008bf00000| Untracked 
| 192|0x000000008c000000, 0x000000008c100000, 0x000000008c100000|100%| O|  |TAMS 0x000000008c000000, 0x000000008c000000| Untracked 
| 193|0x000000008c100000, 0x000000008c200000, 0x000000008c200000|100%| O|  |TAMS 0x000000008c100000, 0x000000008c100000| Untracked 
| 194|0x000000008c200000, 0x000000008c300000, 0x000000008c300000|100%| O|  |TAMS 0x000000008c200000, 0x000000008c200000| Untracked 
| 195|0x000000008c300000, 0x000000008c400000, 0x000000008c400000|100%| O|  |TAMS 0x000000008c300000, 0x000000008c300000| Untracked 
| 196|0x000000008c400000, 0x000000008c500000, 0x000000008c500000|100%| O|  |TAMS 0x000000008c400000, 0x000000008c400000| Untracked 
| 197|0x000000008c500000, 0x000000008c600000, 0x000000008c600000|100%| O|  |TAMS 0x000000008c500000, 0x000000008c500000| Untracked 
| 198|0x000000008c600000, 0x000000008c700000, 0x000000008c700000|100%| O|  |TAMS 0x000000008c600000, 0x000000008c600000| Untracked 
| 199|0x000000008c700000, 0x000000008c800000, 0x000000008c800000|100%| O|  |TAMS 0x000000008c700000, 0x000000008c700000| Untracked 
| 200|0x000000008c800000, 0x000000008c900000, 0x000000008c900000|100%| O|  |TAMS 0x000000008c800000, 0x000000008c800000| Untracked 
| 201|0x000000008c900000, 0x000000008ca00000, 0x000000008ca00000|100%| O|  |TAMS 0x000000008c900000, 0x000000008c900000| Untracked 
| 202|0x000000008ca00000, 0x000000008cb00000, 0x000000008cb00000|100%| O|  |TAMS 0x000000008ca00000, 0x000000008ca00000| Untracked 
| 203|0x000000008cb00000, 0x000000008cc00000, 0x000000008cc00000|100%| O|  |TAMS 0x000000008cb00000, 0x000000008cb00000| Untracked 
| 204|0x000000008cc00000, 0x000000008cd00000, 0x000000008cd00000|100%| O|  |TAMS 0x000000008cc00000, 0x000000008cc00000| Untracked 
| 205|0x000000008cd00000, 0x000000008ce00000, 0x000000008ce00000|100%| O|  |TAMS 0x000000008cd00000, 0x000000008cd00000| Untracked 
| 206|0x000000008ce00000, 0x000000008cf00000, 0x000000008cf00000|100%| O|  |TAMS 0x000000008ce00000, 0x000000008ce00000| Untracked 
| 207|0x000000008cf00000, 0x000000008d000000, 0x000000008d000000|100%|HS|  |TAMS 0x000000008cf00000, 0x000000008cf00000| Complete 
| 208|0x000000008d000000, 0x000000008d100000, 0x000000008d100000|100%|HS|  |TAMS 0x000000008d000000, 0x000000008d000000| Complete 
| 209|0x000000008d100000, 0x000000008d200000, 0x000000008d200000|100%|HC|  |TAMS 0x000000008d100000, 0x000000008d100000| Complete 
| 210|0x000000008d200000, 0x000000008d300000, 0x000000008d300000|100%|HS|  |TAMS 0x000000008d200000, 0x000000008d200000| Complete 
| 211|0x000000008d300000, 0x000000008d400000, 0x000000008d400000|100%|HC|  |TAMS 0x000000008d300000, 0x000000008d300000| Complete 
| 212|0x000000008d400000, 0x000000008d500000, 0x000000008d500000|100%|HS|  |TAMS 0x000000008d400000, 0x000000008d400000| Complete 
| 213|0x000000008d500000, 0x000000008d600000, 0x000000008d600000|100%|HS|  |TAMS 0x000000008d500000, 0x000000008d500000| Complete 
| 214|0x000000008d600000, 0x000000008d700000, 0x000000008d700000|100%|HS|  |TAMS 0x000000008d600000, 0x000000008d600000| Complete 
| 215|0x000000008d700000, 0x000000008d800000, 0x000000008d800000|100%|HC|  |TAMS 0x000000008d700000, 0x000000008d700000| Complete 
| 216|0x000000008d800000, 0x000000008d900000, 0x000000008d900000|100%| O|  |TAMS 0x000000008d800000, 0x000000008d800000| Untracked 
| 217|0x000000008d900000, 0x000000008da00000, 0x000000008da00000|100%| O|  |TAMS 0x000000008d900000, 0x000000008d900000| Untracked 
| 218|0x000000008da00000, 0x000000008db00000, 0x000000008db00000|100%| O|  |TAMS 0x000000008da00000, 0x000000008da00000| Untracked 
| 219|0x000000008db00000, 0x000000008dc00000, 0x000000008dc00000|100%| O|  |TAMS 0x000000008db00000, 0x000000008db00000| Untracked 
| 220|0x000000008dc00000, 0x000000008dd00000, 0x000000008dd00000|100%| O|  |TAMS 0x000000008dc00000, 0x000000008dc00000| Untracked 
| 221|0x000000008dd00000, 0x000000008de00000, 0x000000008de00000|100%| O|  |TAMS 0x000000008dd00000, 0x000000008dd00000| Untracked 
| 222|0x000000008de00000, 0x000000008df00000, 0x000000008df00000|100%| O|  |TAMS 0x000000008de00000, 0x000000008de00000| Untracked 
| 223|0x000000008df00000, 0x000000008e000000, 0x000000008e000000|100%| O|  |TAMS 0x000000008df00000, 0x000000008df00000| Untracked 
| 224|0x000000008e000000, 0x000000008e100000, 0x000000008e100000|100%| O|  |TAMS 0x000000008e000000, 0x000000008e000000| Untracked 
| 225|0x000000008e100000, 0x000000008e200000, 0x000000008e200000|100%| O|  |TAMS 0x000000008e100000, 0x000000008e100000| Untracked 
| 226|0x000000008e200000, 0x000000008e300000, 0x000000008e300000|100%| O|  |TAMS 0x000000008e200000, 0x000000008e200000| Untracked 
| 227|0x000000008e300000, 0x000000008e400000, 0x000000008e400000|100%| O|  |TAMS 0x000000008e300000, 0x000000008e300000| Untracked 
| 228|0x000000008e400000, 0x000000008e500000, 0x000000008e500000|100%| O|  |TAMS 0x000000008e400000, 0x000000008e400000| Untracked 
| 229|0x000000008e500000, 0x000000008e600000, 0x000000008e600000|100%| O|  |TAMS 0x000000008e500000, 0x000000008e500000| Untracked 
| 230|0x000000008e600000, 0x000000008e700000, 0x000000008e700000|100%| O|  |TAMS 0x000000008e600000, 0x000000008e600000| Untracked 
| 231|0x000000008e700000, 0x000000008e800000, 0x000000008e800000|100%| O|  |TAMS 0x000000008e700000, 0x000000008e700000| Untracked 
| 232|0x000000008e800000, 0x000000008e900000, 0x000000008e900000|100%| O|  |TAMS 0x000000008e800000, 0x000000008e800000| Untracked 
| 233|0x000000008e900000, 0x000000008ea00000, 0x000000008ea00000|100%|HS|  |TAMS 0x000000008e900000, 0x000000008e900000| Complete 
| 234|0x000000008ea00000, 0x000000008eb00000, 0x000000008eb00000|100%|HS|  |TAMS 0x000000008ea00000, 0x000000008ea00000| Complete 
| 235|0x000000008eb00000, 0x000000008ec00000, 0x000000008ec00000|100%|HC|  |TAMS 0x000000008eb00000, 0x000000008eb00000| Complete 
| 236|0x000000008ec00000, 0x000000008ed00000, 0x000000008ed00000|100%| O|  |TAMS 0x000000008ec00000, 0x000000008ec00000| Untracked 
| 237|0x000000008ed00000, 0x000000008ee00000, 0x000000008ee00000|100%|HS|  |TAMS 0x000000008ed00000, 0x000000008ed00000| Complete 
| 238|0x000000008ee00000, 0x000000008ee00000, 0x000000008ef00000|  0%| F|  |TAMS 0x000000008ee00000, 0x000000008ee00000| Untracked 
| 239|0x000000008ef00000, 0x000000008ef00000, 0x000000008f000000|  0%| F|  |TAMS 0x000000008ef00000, 0x000000008ef00000| Untracked 
| 240|0x000000008f000000, 0x000000008f000000, 0x000000008f100000|  0%| F|  |TAMS 0x000000008f000000, 0x000000008f000000| Untracked 
| 241|0x000000008f100000, 0x000000008f200000, 0x000000008f200000|100%|HS|  |TAMS 0x000000008f100000, 0x000000008f100000| Complete 
| 242|0x000000008f200000, 0x000000008f300000, 0x000000008f300000|100%| O|  |TAMS 0x000000008f200000, 0x000000008f200000| Untracked 
| 243|0x000000008f300000, 0x000000008f400000, 0x000000008f400000|100%| O|  |TAMS 0x000000008f300000, 0x000000008f300000| Untracked 
| 244|0x000000008f400000, 0x000000008f500000, 0x000000008f500000|100%| O|  |TAMS 0x000000008f400000, 0x000000008f400000| Untracked 
| 245|0x000000008f500000, 0x000000008f600000, 0x000000008f600000|100%| O|  |TAMS 0x000000008f500000, 0x000000008f500000| Untracked 
| 246|0x000000008f600000, 0x000000008f700000, 0x000000008f700000|100%| O|  |TAMS 0x000000008f600000, 0x000000008f600000| Untracked 
| 247|0x000000008f700000, 0x000000008f800000, 0x000000008f800000|100%| O|  |TAMS 0x000000008f700000, 0x000000008f700000| Untracked 
| 248|0x000000008f800000, 0x000000008f900000, 0x000000008f900000|100%| O|  |TAMS 0x000000008f800000, 0x000000008f800000| Untracked 
| 249|0x000000008f900000, 0x000000008fa00000, 0x000000008fa00000|100%| O|  |TAMS 0x000000008f900000, 0x000000008f900000| Untracked 
| 250|0x000000008fa00000, 0x000000008fa00000, 0x000000008fb00000|  0%| F|  |TAMS 0x000000008fa00000, 0x000000008fa00000| Untracked 
| 251|0x000000008fb00000, 0x000000008fb00000, 0x000000008fc00000|  0%| F|  |TAMS 0x000000008fb00000, 0x000000008fb00000| Untracked 
| 252|0x000000008fc00000, 0x000000008fc00000, 0x000000008fd00000|  0%| F|  |TAMS 0x000000008fc00000, 0x000000008fc00000| Untracked 
| 253|0x000000008fd00000, 0x000000008fd00000, 0x000000008fe00000|  0%| F|  |TAMS 0x000000008fd00000, 0x000000008fd00000| Untracked 
| 254|0x000000008fe00000, 0x000000008fe00000, 0x000000008ff00000|  0%| F|  |TAMS 0x000000008fe00000, 0x000000008fe00000| Untracked 
| 255|0x000000008ff00000, 0x000000008ff00000, 0x0000000090000000|  0%| F|  |TAMS 0x000000008ff00000, 0x000000008ff00000| Untracked 
| 256|0x0000000090000000, 0x0000000090000000, 0x0000000090100000|  0%| F|  |TAMS 0x0000000090000000, 0x0000000090000000| Untracked 
| 257|0x0000000090100000, 0x0000000090200000, 0x0000000090200000|100%| O|  |TAMS 0x0000000090100000, 0x0000000090100000| Untracked 
| 258|0x0000000090200000, 0x0000000090300000, 0x0000000090300000|100%| O|  |TAMS 0x0000000090200000, 0x0000000090200000| Untracked 
| 259|0x0000000090300000, 0x0000000090400000, 0x0000000090400000|100%| O|  |TAMS 0x0000000090300000, 0x0000000090300000| Untracked 
| 260|0x0000000090400000, 0x0000000090500000, 0x0000000090500000|100%| O|  |TAMS 0x0000000090400000, 0x0000000090400000| Untracked 
| 261|0x0000000090500000, 0x0000000090600000, 0x0000000090600000|100%| O|  |TAMS 0x0000000090500000, 0x0000000090500000| Untracked 
| 262|0x0000000090600000, 0x0000000090700000, 0x0000000090700000|100%| O|  |TAMS 0x0000000090600000, 0x0000000090600000| Untracked 
| 263|0x0000000090700000, 0x00000000907c0200, 0x0000000090800000| 75%| O|  |TAMS 0x0000000090700000, 0x0000000090700000| Untracked 
| 264|0x0000000090800000, 0x0000000090800000, 0x0000000090900000|  0%| F|  |TAMS 0x0000000090800000, 0x0000000090800000| Untracked 
| 265|0x0000000090900000, 0x0000000090900000, 0x0000000090a00000|  0%| F|  |TAMS 0x0000000090900000, 0x0000000090900000| Untracked 
| 266|0x0000000090a00000, 0x0000000090a00000, 0x0000000090b00000|  0%| F|  |TAMS 0x0000000090a00000, 0x0000000090a00000| Untracked 
| 267|0x0000000090b00000, 0x0000000090b00000, 0x0000000090c00000|  0%| F|  |TAMS 0x0000000090b00000, 0x0000000090b00000| Untracked 
| 268|0x0000000090c00000, 0x0000000090c00000, 0x0000000090d00000|  0%| F|  |TAMS 0x0000000090c00000, 0x0000000090c00000| Untracked 
| 269|0x0000000090d00000, 0x0000000090d00000, 0x0000000090e00000|  0%| F|  |TAMS 0x0000000090d00000, 0x0000000090d00000| Untracked 
| 270|0x0000000090e00000, 0x0000000090e00000, 0x0000000090f00000|  0%| F|  |TAMS 0x0000000090e00000, 0x0000000090e00000| Untracked 
| 271|0x0000000090f00000, 0x0000000090f00000, 0x0000000091000000|  0%| F|  |TAMS 0x0000000090f00000, 0x0000000090f00000| Untracked 
| 272|0x0000000091000000, 0x0000000091000000, 0x0000000091100000|  0%| F|  |TAMS 0x0000000091000000, 0x0000000091000000| Untracked 
| 273|0x0000000091100000, 0x0000000091100000, 0x0000000091200000|  0%| F|  |TAMS 0x0000000091100000, 0x0000000091100000| Untracked 
| 274|0x0000000091200000, 0x0000000091200000, 0x0000000091300000|  0%| F|  |TAMS 0x0000000091200000, 0x0000000091200000| Untracked 
| 275|0x0000000091300000, 0x0000000091300000, 0x0000000091400000|  0%| F|  |TAMS 0x0000000091300000, 0x0000000091300000| Untracked 
| 276|0x0000000091400000, 0x0000000091400000, 0x0000000091500000|  0%| F|  |TAMS 0x0000000091400000, 0x0000000091400000| Untracked 
| 277|0x0000000091500000, 0x0000000091500000, 0x0000000091600000|  0%| F|  |TAMS 0x0000000091500000, 0x0000000091500000| Untracked 
| 278|0x0000000091600000, 0x0000000091600000, 0x0000000091700000|  0%| F|  |TAMS 0x0000000091600000, 0x0000000091600000| Untracked 
| 279|0x0000000091700000, 0x0000000091700000, 0x0000000091800000|  0%| F|  |TAMS 0x0000000091700000, 0x0000000091700000| Untracked 
| 280|0x0000000091800000, 0x0000000091800000, 0x0000000091900000|  0%| F|  |TAMS 0x0000000091800000, 0x0000000091800000| Untracked 
| 281|0x0000000091900000, 0x0000000091900000, 0x0000000091a00000|  0%| F|  |TAMS 0x0000000091900000, 0x0000000091900000| Untracked 
| 282|0x0000000091a00000, 0x0000000091a00000, 0x0000000091b00000|  0%| F|  |TAMS 0x0000000091a00000, 0x0000000091a00000| Untracked 
| 283|0x0000000091b00000, 0x0000000091b00000, 0x0000000091c00000|  0%| F|  |TAMS 0x0000000091b00000, 0x0000000091b00000| Untracked 
| 284|0x0000000091c00000, 0x0000000091c00000, 0x0000000091d00000|  0%| F|  |TAMS 0x0000000091c00000, 0x0000000091c00000| Untracked 
| 285|0x0000000091d00000, 0x0000000091d00000, 0x0000000091e00000|  0%| F|  |TAMS 0x0000000091d00000, 0x0000000091d00000| Untracked 
| 286|0x0000000091e00000, 0x0000000091e00000, 0x0000000091f00000|  0%| F|  |TAMS 0x0000000091e00000, 0x0000000091e00000| Untracked 
| 287|0x0000000091f00000, 0x0000000091f00000, 0x0000000092000000|  0%| F|  |TAMS 0x0000000091f00000, 0x0000000091f00000| Untracked 
| 288|0x0000000092000000, 0x0000000092000000, 0x0000000092100000|  0%| F|  |TAMS 0x0000000092000000, 0x0000000092000000| Untracked 
| 289|0x0000000092100000, 0x0000000092100000, 0x0000000092200000|  0%| F|  |TAMS 0x0000000092100000, 0x0000000092100000| Untracked 
| 290|0x0000000092200000, 0x0000000092200000, 0x0000000092300000|  0%| F|  |TAMS 0x0000000092200000, 0x0000000092200000| Untracked 
| 291|0x0000000092300000, 0x0000000092300000, 0x0000000092400000|  0%| F|  |TAMS 0x0000000092300000, 0x0000000092300000| Untracked 
| 292|0x0000000092400000, 0x0000000092400000, 0x0000000092500000|  0%| F|  |TAMS 0x0000000092400000, 0x0000000092400000| Untracked 
| 293|0x0000000092500000, 0x0000000092500000, 0x0000000092600000|  0%| F|  |TAMS 0x0000000092500000, 0x0000000092500000| Untracked 
| 294|0x0000000092600000, 0x0000000092600000, 0x0000000092700000|  0%| F|  |TAMS 0x0000000092600000, 0x0000000092600000| Untracked 
| 295|0x0000000092700000, 0x0000000092700000, 0x0000000092800000|  0%| F|  |TAMS 0x0000000092700000, 0x0000000092700000| Untracked 
| 296|0x0000000092800000, 0x0000000092800000, 0x0000000092900000|  0%| F|  |TAMS 0x0000000092800000, 0x0000000092800000| Untracked 
| 297|0x0000000092900000, 0x0000000092900000, 0x0000000092a00000|  0%| F|  |TAMS 0x0000000092900000, 0x0000000092900000| Untracked 
| 298|0x0000000092a00000, 0x0000000092a00000, 0x0000000092b00000|  0%| F|  |TAMS 0x0000000092a00000, 0x0000000092a00000| Untracked 
| 299|0x0000000092b00000, 0x0000000092b00000, 0x0000000092c00000|  0%| F|  |TAMS 0x0000000092b00000, 0x0000000092b00000| Untracked 
| 300|0x0000000092c00000, 0x0000000092c00000, 0x0000000092d00000|  0%| F|  |TAMS 0x0000000092c00000, 0x0000000092c00000| Untracked 
| 301|0x0000000092d00000, 0x0000000092d00000, 0x0000000092e00000|  0%| F|  |TAMS 0x0000000092d00000, 0x0000000092d00000| Untracked 
| 302|0x0000000092e00000, 0x0000000092e00000, 0x0000000092f00000|  0%| F|  |TAMS 0x0000000092e00000, 0x0000000092e00000| Untracked 
| 303|0x0000000092f00000, 0x0000000092f00000, 0x0000000093000000|  0%| F|  |TAMS 0x0000000092f00000, 0x0000000092f00000| Untracked 
| 304|0x0000000093000000, 0x0000000093000000, 0x0000000093100000|  0%| F|  |TAMS 0x0000000093000000, 0x0000000093000000| Untracked 
| 305|0x0000000093100000, 0x0000000093100000, 0x0000000093200000|  0%| F|  |TAMS 0x0000000093100000, 0x0000000093100000| Untracked 
| 306|0x0000000093200000, 0x0000000093200000, 0x0000000093300000|  0%| F|  |TAMS 0x0000000093200000, 0x0000000093200000| Untracked 
| 307|0x0000000093300000, 0x0000000093300000, 0x0000000093400000|  0%| F|  |TAMS 0x0000000093300000, 0x0000000093300000| Untracked 
| 308|0x0000000093400000, 0x0000000093400000, 0x0000000093500000|  0%| F|  |TAMS 0x0000000093400000, 0x0000000093400000| Untracked 
| 309|0x0000000093500000, 0x0000000093500000, 0x0000000093600000|  0%| F|  |TAMS 0x0000000093500000, 0x0000000093500000| Untracked 
| 310|0x0000000093600000, 0x0000000093600000, 0x0000000093700000|  0%| F|  |TAMS 0x0000000093600000, 0x0000000093600000| Untracked 
| 311|0x0000000093700000, 0x0000000093700000, 0x0000000093800000|  0%| F|  |TAMS 0x0000000093700000, 0x0000000093700000| Untracked 
| 312|0x0000000093800000, 0x0000000093800000, 0x0000000093900000|  0%| F|  |TAMS 0x0000000093800000, 0x0000000093800000| Untracked 
| 313|0x0000000093900000, 0x0000000093900000, 0x0000000093a00000|  0%| F|  |TAMS 0x0000000093900000, 0x0000000093900000| Untracked 
| 314|0x0000000093a00000, 0x0000000093a00000, 0x0000000093b00000|  0%| F|  |TAMS 0x0000000093a00000, 0x0000000093a00000| Untracked 
| 315|0x0000000093b00000, 0x0000000093b00000, 0x0000000093c00000|  0%| F|  |TAMS 0x0000000093b00000, 0x0000000093b00000| Untracked 
| 316|0x0000000093c00000, 0x0000000093c00000, 0x0000000093d00000|  0%| F|  |TAMS 0x0000000093c00000, 0x0000000093c00000| Untracked 
| 317|0x0000000093d00000, 0x0000000093d86a48, 0x0000000093e00000| 52%| S|CS|TAMS 0x0000000093d00000, 0x0000000093d00000| Complete 
| 318|0x0000000093e00000, 0x0000000093f00000, 0x0000000093f00000|100%| S|CS|TAMS 0x0000000093e00000, 0x0000000093e00000| Complete 
| 319|0x0000000093f00000, 0x0000000094000000, 0x0000000094000000|100%| S|CS|TAMS 0x0000000093f00000, 0x0000000093f00000| Complete 
| 320|0x0000000094000000, 0x0000000094100000, 0x0000000094100000|100%| S|CS|TAMS 0x0000000094000000, 0x0000000094000000| Complete 
| 321|0x0000000094100000, 0x0000000094100000, 0x0000000094200000|  0%| F|  |TAMS 0x0000000094100000, 0x0000000094100000| Untracked 
| 322|0x0000000094200000, 0x0000000094200000, 0x0000000094300000|  0%| F|  |TAMS 0x0000000094200000, 0x0000000094200000| Untracked 
| 323|0x0000000094300000, 0x0000000094300000, 0x0000000094400000|  0%| F|  |TAMS 0x0000000094300000, 0x0000000094300000| Untracked 
| 324|0x0000000094400000, 0x0000000094400000, 0x0000000094500000|  0%| F|  |TAMS 0x0000000094400000, 0x0000000094400000| Untracked 
| 325|0x0000000094500000, 0x0000000094600000, 0x0000000094600000|100%| S|CS|TAMS 0x0000000094500000, 0x0000000094500000| Complete 
| 326|0x0000000094600000, 0x0000000094600000, 0x0000000094700000|  0%| F|  |TAMS 0x0000000094600000, 0x0000000094600000| Untracked 
| 327|0x0000000094700000, 0x0000000094700000, 0x0000000094800000|  0%| F|  |TAMS 0x0000000094700000, 0x0000000094700000| Untracked 
| 328|0x0000000094800000, 0x0000000094800000, 0x0000000094900000|  0%| F|  |TAMS 0x0000000094800000, 0x0000000094800000| Untracked 
| 329|0x0000000094900000, 0x0000000094900000, 0x0000000094a00000|  0%| F|  |TAMS 0x0000000094900000, 0x0000000094900000| Untracked 
| 330|0x0000000094a00000, 0x0000000094a00000, 0x0000000094b00000|  0%| F|  |TAMS 0x0000000094a00000, 0x0000000094a00000| Untracked 
| 331|0x0000000094b00000, 0x0000000094b00000, 0x0000000094c00000|  0%| F|  |TAMS 0x0000000094b00000, 0x0000000094b00000| Untracked 
| 332|0x0000000094c00000, 0x0000000094c00000, 0x0000000094d00000|  0%| F|  |TAMS 0x0000000094c00000, 0x0000000094c00000| Untracked 
| 333|0x0000000094d00000, 0x0000000094d00000, 0x0000000094e00000|  0%| F|  |TAMS 0x0000000094d00000, 0x0000000094d00000| Untracked 
| 334|0x0000000094e00000, 0x0000000094e00000, 0x0000000094f00000|  0%| F|  |TAMS 0x0000000094e00000, 0x0000000094e00000| Untracked 
| 335|0x0000000094f00000, 0x0000000094f00000, 0x0000000095000000|  0%| F|  |TAMS 0x0000000094f00000, 0x0000000094f00000| Untracked 
| 336|0x0000000095000000, 0x0000000095000000, 0x0000000095100000|  0%| F|  |TAMS 0x0000000095000000, 0x0000000095000000| Untracked 
| 337|0x0000000095100000, 0x0000000095100000, 0x0000000095200000|  0%| F|  |TAMS 0x0000000095100000, 0x0000000095100000| Untracked 
| 338|0x0000000095200000, 0x0000000095200000, 0x0000000095300000|  0%| F|  |TAMS 0x0000000095200000, 0x0000000095200000| Untracked 
| 339|0x0000000095300000, 0x0000000095300000, 0x0000000095400000|  0%| F|  |TAMS 0x0000000095300000, 0x0000000095300000| Untracked 
| 340|0x0000000095400000, 0x0000000095400000, 0x0000000095500000|  0%| F|  |TAMS 0x0000000095400000, 0x0000000095400000| Untracked 
| 341|0x0000000095500000, 0x0000000095500000, 0x0000000095600000|  0%| F|  |TAMS 0x0000000095500000, 0x0000000095500000| Untracked 
| 342|0x0000000095600000, 0x0000000095600000, 0x0000000095700000|  0%| F|  |TAMS 0x0000000095600000, 0x0000000095600000| Untracked 
| 343|0x0000000095700000, 0x0000000095700000, 0x0000000095800000|  0%| F|  |TAMS 0x0000000095700000, 0x0000000095700000| Untracked 
| 344|0x0000000095800000, 0x00000000958c9470, 0x0000000095900000| 78%| E|  |TAMS 0x0000000095800000, 0x0000000095800000| Complete 
| 345|0x0000000095900000, 0x0000000095a00000, 0x0000000095a00000|100%| E|CS|TAMS 0x0000000095900000, 0x0000000095900000| Complete 
| 346|0x0000000095a00000, 0x0000000095b00000, 0x0000000095b00000|100%| E|CS|TAMS 0x0000000095a00000, 0x0000000095a00000| Complete 
| 347|0x0000000095b00000, 0x0000000095c00000, 0x0000000095c00000|100%| E|CS|TAMS 0x0000000095b00000, 0x0000000095b00000| Complete 
| 348|0x0000000095c00000, 0x0000000095d00000, 0x0000000095d00000|100%| E|CS|TAMS 0x0000000095c00000, 0x0000000095c00000| Complete 
| 349|0x0000000095d00000, 0x0000000095e00000, 0x0000000095e00000|100%| E|CS|TAMS 0x0000000095d00000, 0x0000000095d00000| Complete 
| 350|0x0000000095e00000, 0x0000000095f00000, 0x0000000095f00000|100%| E|CS|TAMS 0x0000000095e00000, 0x0000000095e00000| Complete 
| 351|0x0000000095f00000, 0x0000000096000000, 0x0000000096000000|100%| E|CS|TAMS 0x0000000095f00000, 0x0000000095f00000| Complete 
| 352|0x0000000096000000, 0x0000000096100000, 0x0000000096100000|100%| E|CS|TAMS 0x0000000096000000, 0x0000000096000000| Complete 
| 353|0x0000000096100000, 0x0000000096200000, 0x0000000096200000|100%| E|CS|TAMS 0x0000000096100000, 0x0000000096100000| Complete 
| 354|0x0000000096200000, 0x0000000096300000, 0x0000000096300000|100%| E|CS|TAMS 0x0000000096200000, 0x0000000096200000| Complete 
| 355|0x0000000096300000, 0x0000000096400000, 0x0000000096400000|100%| E|CS|TAMS 0x0000000096300000, 0x0000000096300000| Complete 
| 356|0x0000000096400000, 0x0000000096500000, 0x0000000096500000|100%| E|CS|TAMS 0x0000000096400000, 0x0000000096400000| Complete 
| 357|0x0000000096500000, 0x0000000096600000, 0x0000000096600000|100%| E|CS|TAMS 0x0000000096500000, 0x0000000096500000| Complete 
| 358|0x0000000096600000, 0x0000000096700000, 0x0000000096700000|100%| E|CS|TAMS 0x0000000096600000, 0x0000000096600000| Complete 
| 359|0x0000000096700000, 0x0000000096800000, 0x0000000096800000|100%| E|CS|TAMS 0x0000000096700000, 0x0000000096700000| Complete 
| 360|0x0000000096800000, 0x0000000096900000, 0x0000000096900000|100%| E|CS|TAMS 0x0000000096800000, 0x0000000096800000| Complete 
| 361|0x0000000096900000, 0x0000000096a00000, 0x0000000096a00000|100%| E|CS|TAMS 0x0000000096900000, 0x0000000096900000| Complete 
| 362|0x0000000096a00000, 0x0000000096b00000, 0x0000000096b00000|100%| E|CS|TAMS 0x0000000096a00000, 0x0000000096a00000| Complete 
| 363|0x0000000096b00000, 0x0000000096c00000, 0x0000000096c00000|100%| E|CS|TAMS 0x0000000096b00000, 0x0000000096b00000| Complete 
| 364|0x0000000096c00000, 0x0000000096d00000, 0x0000000096d00000|100%| E|CS|TAMS 0x0000000096c00000, 0x0000000096c00000| Complete 
| 365|0x0000000096d00000, 0x0000000096e00000, 0x0000000096e00000|100%| E|CS|TAMS 0x0000000096d00000, 0x0000000096d00000| Complete 
| 366|0x0000000096e00000, 0x0000000096f00000, 0x0000000096f00000|100%| E|CS|TAMS 0x0000000096e00000, 0x0000000096e00000| Complete 
| 367|0x0000000096f00000, 0x0000000097000000, 0x0000000097000000|100%| E|CS|TAMS 0x0000000096f00000, 0x0000000096f00000| Complete 
| 368|0x0000000097000000, 0x0000000097100000, 0x0000000097100000|100%| E|CS|TAMS 0x0000000097000000, 0x0000000097000000| Complete 
| 369|0x0000000097100000, 0x0000000097200000, 0x0000000097200000|100%| E|CS|TAMS 0x0000000097100000, 0x0000000097100000| Complete 
| 370|0x0000000097200000, 0x0000000097300000, 0x0000000097300000|100%| E|CS|TAMS 0x0000000097200000, 0x0000000097200000| Complete 
| 371|0x0000000097300000, 0x0000000097400000, 0x0000000097400000|100%| E|CS|TAMS 0x0000000097300000, 0x0000000097300000| Complete 
| 372|0x0000000097400000, 0x0000000097500000, 0x0000000097500000|100%| E|CS|TAMS 0x0000000097400000, 0x0000000097400000| Complete 
| 373|0x0000000097500000, 0x0000000097600000, 0x0000000097600000|100%| E|CS|TAMS 0x0000000097500000, 0x0000000097500000| Complete 
| 374|0x0000000097600000, 0x0000000097700000, 0x0000000097700000|100%| E|CS|TAMS 0x0000000097600000, 0x0000000097600000| Complete 
| 375|0x0000000097700000, 0x0000000097800000, 0x0000000097800000|100%| E|CS|TAMS 0x0000000097700000, 0x0000000097700000| Complete 
| 376|0x0000000097800000, 0x0000000097900000, 0x0000000097900000|100%| E|CS|TAMS 0x0000000097800000, 0x0000000097800000| Complete 
| 377|0x0000000097900000, 0x0000000097a00000, 0x0000000097a00000|100%| E|CS|TAMS 0x0000000097900000, 0x0000000097900000| Complete 
| 378|0x0000000097a00000, 0x0000000097b00000, 0x0000000097b00000|100%| E|CS|TAMS 0x0000000097a00000, 0x0000000097a00000| Complete 
| 379|0x0000000097b00000, 0x0000000097c00000, 0x0000000097c00000|100%| E|CS|TAMS 0x0000000097b00000, 0x0000000097b00000| Complete 
| 380|0x0000000097c00000, 0x0000000097d00000, 0x0000000097d00000|100%| E|CS|TAMS 0x0000000097c00000, 0x0000000097c00000| Complete 
| 381|0x0000000097d00000, 0x0000000097e00000, 0x0000000097e00000|100%| E|CS|TAMS 0x0000000097d00000, 0x0000000097d00000| Complete 
| 382|0x0000000097e00000, 0x0000000097f00000, 0x0000000097f00000|100%| E|CS|TAMS 0x0000000097e00000, 0x0000000097e00000| Complete 
| 383|0x0000000097f00000, 0x0000000098000000, 0x0000000098000000|100%| E|CS|TAMS 0x0000000097f00000, 0x0000000097f00000| Complete 
| 384|0x0000000098000000, 0x0000000098100000, 0x0000000098100000|100%| E|CS|TAMS 0x0000000098000000, 0x0000000098000000| Complete 
| 385|0x0000000098100000, 0x0000000098200000, 0x0000000098200000|100%| E|CS|TAMS 0x0000000098100000, 0x0000000098100000| Complete 
| 386|0x0000000098200000, 0x0000000098300000, 0x0000000098300000|100%| E|CS|TAMS 0x0000000098200000, 0x0000000098200000| Complete 
| 387|0x0000000098300000, 0x0000000098400000, 0x0000000098400000|100%| E|CS|TAMS 0x0000000098300000, 0x0000000098300000| Complete 
| 388|0x0000000098400000, 0x0000000098500000, 0x0000000098500000|100%| E|CS|TAMS 0x0000000098400000, 0x0000000098400000| Complete 
| 389|0x0000000098500000, 0x0000000098600000, 0x0000000098600000|100%| E|CS|TAMS 0x0000000098500000, 0x0000000098500000| Complete 
| 390|0x0000000098600000, 0x0000000098700000, 0x0000000098700000|100%| E|CS|TAMS 0x0000000098600000, 0x0000000098600000| Complete 
| 391|0x0000000098700000, 0x0000000098800000, 0x0000000098800000|100%| E|CS|TAMS 0x0000000098700000, 0x0000000098700000| Complete 
| 392|0x0000000098800000, 0x0000000098900000, 0x0000000098900000|100%| E|CS|TAMS 0x0000000098800000, 0x0000000098800000| Complete 
| 393|0x0000000098900000, 0x0000000098a00000, 0x0000000098a00000|100%| E|CS|TAMS 0x0000000098900000, 0x0000000098900000| Complete 
| 394|0x0000000098a00000, 0x0000000098b00000, 0x0000000098b00000|100%| E|CS|TAMS 0x0000000098a00000, 0x0000000098a00000| Complete 
| 395|0x0000000098b00000, 0x0000000098c00000, 0x0000000098c00000|100%| E|CS|TAMS 0x0000000098b00000, 0x0000000098b00000| Complete 
| 396|0x0000000098c00000, 0x0000000098d00000, 0x0000000098d00000|100%| E|CS|TAMS 0x0000000098c00000, 0x0000000098c00000| Complete 

Card table byte_map: [0x000002143ab20000,0x000002143af20000] _byte_map_base: 0x000002143a720000

Marking Bits (Prev, Next): (CMBitMap*) 0x0000021427c5ff10, (CMBitMap*) 0x0000021427c5fed8
 Prev Bits: [0x000002143d320000, 0x000002143f320000)
 Next Bits: [0x000002143b320000, 0x000002143d320000)

Polling page: 0x0000021427400000

Metaspace:

Usage:
  Non-class:    117.58 MB capacity,   115.16 MB ( 98%) used,     1.98 MB (  2%) free+waste,   455.06 KB ( <1%) overhead. 
      Class:     18.16 MB capacity,    16.71 MB ( 92%) used,     1.25 MB (  7%) free+waste,   204.56 KB (  1%) overhead. 
       Both:    135.75 MB capacity,   131.87 MB ( 97%) used,     3.23 MB (  2%) free+waste,   659.63 KB ( <1%) overhead. 

Virtual space:
  Non-class space:      118.00 MB reserved,     117.78 MB (>99%) committed 
      Class space:        1.00 GB reserved,      18.25 MB (  2%) committed 
             Both:        1.12 GB reserved,     136.03 MB ( 12%) committed 

Chunk freelists:
   Non-Class:  1.00 KB
       Class:  0 bytes
        Both:  1.00 KB

MaxMetaspaceSize: 17179869184.00 GB
CompressedClassSpaceSize: 1.00 GB

CodeHeap 'non-profiled nmethods': size=120064Kb used=13096Kb max_used=13096Kb free=106968Kb
 bounds [0x00000214331e0000, 0x0000021433eb0000, 0x000002143a720000]
CodeHeap 'profiled nmethods': size=120000Kb used=42779Kb max_used=42890Kb free=77220Kb
 bounds [0x000002142bcb0000, 0x000002142e6d0000, 0x00000214331e0000]
CodeHeap 'non-nmethods': size=5696Kb used=2398Kb max_used=2440Kb free=3297Kb
 bounds [0x000002142b720000, 0x000002142b990000, 0x000002142bcb0000]
 total_blobs=20729 nmethods=19696 adapters=943
 compilation: enabled
              stopped_count=0, restarted_count=0
 full_count=0

Compilation events (20 events):
Event: 377.514 Thread 0x0000021441838000 nmethod 21336 0x000002142c9fe710 code [0x000002142c9fe8c0, 0x000002142c9fea88]
Event: 377.514 Thread 0x0000021441838000 21337       3       java.lang.ProcessEnvironment$CheckedEntrySet$1::next (5 bytes)
Event: 377.514 Thread 0x0000021441838000 nmethod 21337 0x000002142ca69290 code [0x000002142ca69480, 0x000002142ca69928]
Event: 377.514 Thread 0x0000021441838000 21338       3       java.lang.ProcessEnvironment$CheckedEntry::getKey (5 bytes)
Event: 377.514 Thread 0x0000021441835800 nmethod 21334 0x0000021433ea9990 code [0x0000021433ea9b40, 0x0000021433ea9c78]
Event: 377.514 Thread 0x0000021441838000 nmethod 21338 0x000002142caa2590 code [0x000002142caa2760, 0x000002142caa2a68]
Event: 377.514 Thread 0x0000021441835800 21335   !   4       org.gradle.internal.event.AbstractBroadcastDispatch::dispatch (74 bytes)
Event: 377.514 Thread 0x0000021441838000 21339       3       java.lang.ProcessEnvironment$CheckedEntry::getKey (13 bytes)
Event: 377.514 Thread 0x0000021441838000 nmethod 21339 0x000002142cadb990 code [0x000002142cadbb60, 0x000002142cadbe08]
Event: 377.515 Thread 0x0000021441835800 nmethod 21335 0x0000021433ea9e10 code [0x0000021433ea9fc0, 0x0000021433eaa0b8]
Event: 377.515 Thread 0x0000021441838000 21340       3       org.gradle.internal.SystemProperties::isStandardProperty (10 bytes)
Event: 377.516 Thread 0x0000021441838000 nmethod 21340 0x000002142cb33310 code [0x000002142cb334e0, 0x000002142cb33788]
Event: 377.516 Thread 0x0000021441838000 21341       3       jdk.internal.reflect.UnsafeQualifiedObjectFieldAccessorImpl::get (17 bytes)
Event: 377.517 Thread 0x0000021441838000 nmethod 21341 0x000002142cc53f90 code [0x000002142cc541c0, 0x000002142cc549b8]
Event: 377.517 Thread 0x0000021441838000 21342       3       jdk.internal.module.IllegalAccessLogger::logIfOpenedForIllegalAccess (61 bytes)
Event: 377.517 Thread 0x0000021441838000 nmethod 21342 0x000002142cc38e10 code [0x000002142cc39040, 0x000002142cc396d8]
Event: 377.519 Thread 0x0000021441835800 21343 %     4       org.gradle.internal.logging.text.AbstractLineChoppingStyledTextOutput::doAppend @ 10 (43 bytes)
Event: 377.521 Thread 0x0000021441838000 21344       3       org.gradle.internal.service.DefaultServiceRegistry$1::add (24 bytes)
Event: 377.522 Thread 0x0000021441838000 nmethod 21344 0x000002142cc22390 code [0x000002142cc22560, 0x000002142cc227d8]
Event: 377.522 Thread 0x0000021441838000 21345       3       org.gradle.internal.service.InjectUtil::selectConstructor (167 bytes)

GC Heap History (20 events):
Event: 339.411 GC heap before
{Heap before GC invocations=66 (full 0):
 garbage-first heap   total 227328K, used 191796K [0x0000000080000000, 0x0000000100000000)
  region size 1024K, 25 young (25600K), 4 survivors (4096K)
 Metaspace       used 120630K, capacity 123854K, committed 124060K, reserved 1157120K
  class space    used 15115K, capacity 16244K, committed 16256K, reserved 1048576K
}
Event: 339.415 GC heap after
{Heap after GC invocations=67 (full 0):
 garbage-first heap   total 227328K, used 169307K [0x0000000080000000, 0x0000000100000000)
  region size 1024K, 1 young (1024K), 1 survivors (1024K)
 Metaspace       used 120630K, capacity 123854K, committed 124060K, reserved 1157120K
  class space    used 15115K, capacity 16244K, committed 16256K, reserved 1048576K
}
Event: 340.353 GC heap before
{Heap before GC invocations=68 (full 0):
 garbage-first heap   total 227328K, used 183643K [0x0000000080000000, 0x0000000100000000)
  region size 1024K, 25 young (25600K), 1 survivors (1024K)
 Metaspace       used 121265K, capacity 124489K, committed 124700K, reserved 1157120K
  class space    used 15156K, capacity 16306K, committed 16384K, reserved 1048576K
}
Event: 340.361 GC heap after
{Heap after GC invocations=69 (full 0):
 garbage-first heap   total 406528K, used 157633K [0x0000000080000000, 0x0000000100000000)
  region size 1024K, 1 young (1024K), 1 survivors (1024K)
 Metaspace       used 121265K, capacity 124489K, committed 124700K, reserved 1157120K
  class space    used 15156K, capacity 16306K, committed 16384K, reserved 1048576K
}
Event: 340.808 GC heap before
{Heap before GC invocations=69 (full 0):
 garbage-first heap   total 406528K, used 175041K [0x0000000080000000, 0x0000000100000000)
  region size 1024K, 19 young (19456K), 1 survivors (1024K)
 Metaspace       used 122444K, capacity 125611K, committed 125852K, reserved 1159168K
  class space    used 15295K, capacity 16444K, committed 16512K, reserved 1048576K
}
Event: 340.811 GC heap after
{Heap after GC invocations=70 (full 0):
 garbage-first heap   total 406528K, used 150156K [0x0000000080000000, 0x0000000100000000)
  region size 1024K, 1 young (1024K), 1 survivors (1024K)
 Metaspace       used 122444K, capacity 125611K, committed 125852K, reserved 1159168K
  class space    used 15295K, capacity 16444K, committed 16512K, reserved 1048576K
}
Event: 343.523 GC heap before
{Heap before GC invocations=70 (full 0):
 garbage-first heap   total 406528K, used 296588K [0x0000000080000000, 0x0000000100000000)
  region size 1024K, 124 young (126976K), 1 survivors (1024K)
 Metaspace       used 125984K, capacity 129334K, committed 129436K, reserved 1161216K
  class space    used 15710K, capacity 16946K, committed 17024K, reserved 1048576K
}
Event: 343.545 GC heap after
{Heap after GC invocations=71 (full 0):
 garbage-first heap   total 406528K, used 185237K [0x0000000080000000, 0x0000000100000000)
  region size 1024K, 16 young (16384K), 16 survivors (16384K)
 Metaspace       used 125984K, capacity 129334K, committed 129436K, reserved 1161216K
  class space    used 15710K, capacity 16946K, committed 17024K, reserved 1048576K
}
Event: 344.657 GC heap before
{Heap before GC invocations=71 (full 0):
 garbage-first heap   total 406528K, used 298901K [0x0000000080000000, 0x0000000100000000)
  region size 1024K, 127 young (130048K), 16 survivors (16384K)
 Metaspace       used 129831K, capacity 133301K, committed 133404K, reserved 1165312K
  class space    used 16391K, capacity 17661K, committed 17664K, reserved 1048576K
}
Event: 344.717 GC heap after
{Heap after GC invocations=72 (full 0):
 garbage-first heap   total 406528K, used 226781K [0x0000000080000000, 0x0000000100000000)
  region size 1024K, 16 young (16384K), 16 survivors (16384K)
 Metaspace       used 129831K, capacity 133301K, committed 133404K, reserved 1165312K
  class space    used 16391K, capacity 17661K, committed 17664K, reserved 1048576K
}
Event: 346.304 GC heap before
{Heap before GC invocations=72 (full 0):
 garbage-first heap   total 406528K, used 313821K [0x0000000080000000, 0x0000000100000000)
  region size 1024K, 92 young (94208K), 16 survivors (16384K)
 Metaspace       used 131073K, capacity 134784K, committed 134940K, reserved 1167360K
  class space    used 16567K, capacity 17912K, committed 17920K, reserved 1048576K
}
Event: 346.348 GC heap after
{Heap after GC invocations=73 (full 0):
 garbage-first heap   total 406528K, used 245376K [0x0000000080000000, 0x0000000100000000)
  region size 1024K, 7 young (7168K), 7 survivors (7168K)
 Metaspace       used 131073K, capacity 134784K, committed 134940K, reserved 1167360K
  class space    used 16567K, capacity 17912K, committed 17920K, reserved 1048576K
}
Event: 347.184 GC heap before
{Heap before GC invocations=73 (full 0):
 garbage-first heap   total 406528K, used 327296K [0x0000000080000000, 0x0000000100000000)
  region size 1024K, 79 young (80896K), 7 survivors (7168K)
 Metaspace       used 131376K, capacity 135091K, committed 135324K, reserved 1167360K
  class space    used 16602K, capacity 17969K, committed 18048K, reserved 1048576K
}
Event: 347.205 GC heap after
{Heap after GC invocations=74 (full 0):
 garbage-first heap   total 406528K, used 264256K [0x0000000080000000, 0x0000000100000000)
  region size 1024K, 10 young (10240K), 10 survivors (10240K)
 Metaspace       used 131376K, capacity 135091K, committed 135324K, reserved 1167360K
  class space    used 16602K, capacity 17969K, committed 18048K, reserved 1048576K
}
Event: 348.048 GC heap before
{Heap before GC invocations=74 (full 0):
 garbage-first heap   total 406528K, used 334912K [0x0000000080000000, 0x0000000100000000)
  region size 1024K, 72 young (73728K), 10 survivors (10240K)
 Metaspace       used 131973K, capacity 135787K, committed 135836K, reserved 1167360K
  class space    used 16652K, capacity 18040K, committed 18048K, reserved 1048576K
}
Event: 348.059 GC heap after
{Heap after GC invocations=75 (full 0):
 garbage-first heap   total 406528K, used 262681K [0x0000000080000000, 0x0000000100000000)
  region size 1024K, 5 young (5120K), 5 survivors (5120K)
 Metaspace       used 131973K, capacity 135787K, committed 135836K, reserved 1167360K
  class space    used 16652K, capacity 18040K, committed 18048K, reserved 1048576K
}
Event: 348.453 GC heap before
{Heap before GC invocations=75 (full 0):
 garbage-first heap   total 406528K, used 332313K [0x0000000080000000, 0x0000000100000000)
  region size 1024K, 72 young (73728K), 5 survivors (5120K)
 Metaspace       used 132318K, capacity 136068K, committed 136220K, reserved 1167360K
  class space    used 16693K, capacity 18111K, committed 18176K, reserved 1048576K
}
Event: 348.457 GC heap after
{Heap after GC invocations=76 (full 0):
 garbage-first heap   total 406528K, used 263655K [0x0000000080000000, 0x0000000100000000)
  region size 1024K, 4 young (4096K), 4 survivors (4096K)
 Metaspace       used 132318K, capacity 136068K, committed 136220K, reserved 1167360K
  class space    used 16693K, capacity 18111K, committed 18176K, reserved 1048576K
}
Event: 348.654 GC heap before
{Heap before GC invocations=76 (full 0):
 garbage-first heap   total 406528K, used 336359K [0x0000000080000000, 0x0000000100000000)
  region size 1024K, 75 young (76800K), 4 survivors (4096K)
 Metaspace       used 132318K, capacity 136068K, committed 136220K, reserved 1167360K
  class space    used 16693K, capacity 18111K, committed 18176K, reserved 1048576K
}
Event: 348.658 GC heap after
{Heap after GC invocations=77 (full 0):
 garbage-first heap   total 406528K, used 264475K [0x0000000080000000, 0x0000000100000000)
  region size 1024K, 5 young (5120K), 5 survivors (5120K)
 Metaspace       used 132318K, capacity 136068K, committed 136220K, reserved 1167360K
  class space    used 16693K, capacity 18111K, committed 18176K, reserved 1048576K
}

Deoptimization events (20 events):
Event: 368.477 Thread 0x0000021448247000 Uncommon trap: trap_request=0xffffffc6 fr.pc=0x0000021433b5a8a4 relative=0x00000000000004e4
Event: 368.477 Thread 0x0000021448247000 Uncommon trap: reason=bimorphic_or_optimized_type_check action=maybe_recompile pc=0x0000021433b5a8a4 method=kotlin.collections.CollectionsKt___CollectionsKt.toList(Ljava/lang/Iterable;)Ljava/util/List; @ 71 c2
Event: 368.477 Thread 0x0000021448247000 DEOPT PACKING pc=0x0000021433b5a8a4 sp=0x00000075e91fbb00
Event: 368.477 Thread 0x0000021448247000 DEOPT UNPACKING pc=0x000002142b74662f sp=0x00000075e91fbad0 mode 2
Event: 368.477 Thread 0x0000021448247000 Uncommon trap: trap_request=0xffffffc6 fr.pc=0x0000021433b5a8a4 relative=0x00000000000004e4
Event: 368.477 Thread 0x0000021448247000 Uncommon trap: reason=bimorphic_or_optimized_type_check action=maybe_recompile pc=0x0000021433b5a8a4 method=kotlin.collections.CollectionsKt___CollectionsKt.toList(Ljava/lang/Iterable;)Ljava/util/List; @ 71 c2
Event: 368.477 Thread 0x0000021448247000 DEOPT PACKING pc=0x0000021433b5a8a4 sp=0x00000075e91fbb00
Event: 368.477 Thread 0x0000021448247000 DEOPT UNPACKING pc=0x000002142b74662f sp=0x00000075e91fbad0 mode 2
Event: 368.604 Thread 0x0000021448247000 Uncommon trap: trap_request=0xffffff4d fr.pc=0x0000021433ad869c relative=0x00000000000003bc
Event: 368.604 Thread 0x0000021448247000 Uncommon trap: reason=unstable_if action=reinterpret pc=0x0000021433ad869c method=java.io.ObjectStreamClass$FieldReflector.getPrimFieldValues(Ljava/lang/Object;[B)V @ 44 c2
Event: 368.604 Thread 0x0000021448247000 DEOPT PACKING pc=0x0000021433ad869c sp=0x00000075e91fc430
Event: 368.604 Thread 0x0000021448247000 DEOPT UNPACKING pc=0x000002142b74662f sp=0x00000075e91fc3c8 mode 2
Event: 368.645 Thread 0x0000021448247000 Uncommon trap: trap_request=0xffffffc6 fr.pc=0x000002143350fc88 relative=0x00000000000009c8
Event: 368.645 Thread 0x0000021448247000 Uncommon trap: reason=bimorphic_or_optimized_type_check action=maybe_recompile pc=0x000002143350fc88 method=com.google.common.collect.AbstractIterator.tryToComputeNext()Z @ 9 c2
Event: 368.645 Thread 0x0000021448247000 DEOPT PACKING pc=0x000002143350fc88 sp=0x00000075e91fe990
Event: 368.645 Thread 0x0000021448247000 DEOPT UNPACKING pc=0x000002142b74662f sp=0x00000075e91fe910 mode 2
Event: 377.516 Thread 0x0000021448247000 Uncommon trap: trap_request=0xffffffc6 fr.pc=0x000002143350fc88 relative=0x00000000000009c8
Event: 377.516 Thread 0x0000021448247000 Uncommon trap: reason=bimorphic_or_optimized_type_check action=maybe_recompile pc=0x000002143350fc88 method=com.google.common.collect.AbstractIterator.tryToComputeNext()Z @ 9 c2
Event: 377.516 Thread 0x0000021448247000 DEOPT PACKING pc=0x000002143350fc88 sp=0x00000075e91fe990
Event: 377.516 Thread 0x0000021448247000 DEOPT UNPACKING pc=0x000002142b74662f sp=0x00000075e91fe910 mode 2

Classes redefined (0 events):
No events

Internal exceptions (20 events):
Event: 350.892 Thread 0x000002144bec3000 Exception <a 'java/lang/NoSuchMethodError'{0x0000000096633510}: <clinit>> (0x0000000096633510) thrown at [./src/hotspot/share/prims/jni.cpp, line 1362]
Event: 350.893 Thread 0x000002144bec3000 Exception <a 'java/lang/NoSuchMethodError'{0x00000000966452f8}: <clinit>> (0x00000000966452f8) thrown at [./src/hotspot/share/prims/jni.cpp, line 1362]
Event: 350.897 Thread 0x000002144bec3000 Exception <a 'java/lang/NoSuchMethodError'{0x0000000096664668}: <clinit>> (0x0000000096664668) thrown at [./src/hotspot/share/prims/jni.cpp, line 1362]
Event: 350.924 Thread 0x000002144bec3000 Exception <a 'java/lang/NoSuchMethodError'{0x00000000965f1ea8}: <clinit>> (0x00000000965f1ea8) thrown at [./src/hotspot/share/prims/jni.cpp, line 1362]
Event: 350.926 Thread 0x000002144bec3000 Exception <a 'java/lang/NoSuchMethodError'{0x000000009643c8d0}: <clinit>> (0x000000009643c8d0) thrown at [./src/hotspot/share/prims/jni.cpp, line 1362]
Event: 350.926 Thread 0x000002144bec3000 Exception <a 'java/lang/NoSuchMethodError'{0x000000009645c6b0}: <clinit>> (0x000000009645c6b0) thrown at [./src/hotspot/share/prims/jni.cpp, line 1362]
Event: 350.926 Thread 0x000002144bec3000 Exception <a 'java/lang/NoSuchMethodError'{0x000000009647c750}: <clinit>> (0x000000009647c750) thrown at [./src/hotspot/share/prims/jni.cpp, line 1362]
Event: 351.022 Thread 0x0000021443b3f800 Exception <a 'java/lang/NoSuchMethodError'{0x00000000962431c8}: 'java.lang.Object java.lang.invoke.DirectMethodHandle$Holder.invokeStatic(java.lang.Object, java.lang.Object, java.lang.Object, java.lang.Object, java.lang.Object, java.lang.Object, java.lang.Object, java.lang.Object, java.lang.Object, java.lang.Object, java.lang.Object, java.lang.Object, java.lang.Object, int)'> (0x00000000962431c8) thrown at [./src/hotspot/share/interpreter/linkResolver.cpp, line 773]
Event: 351.023 Thread 0x0000021443b3f800 Exception <a 'java/lang/NoSuchMethodError'{0x000000009624f9f0}: 'java.lang.Object java.lang.invoke.DirectMethodHandle$Holder.invokeStatic(java.lang.Object, java.lang.Object, java.lang.Object, java.lang.Object, java.lang.Object, java.lang.Object, java.lang.Object, java.lang.Object, java.lang.Object, java.lang.Object, java.lang.Object, java.lang.Object, java.lang.Object, int, int)'> (0x000000009624f9f0) thrown at [./src/hotspot/share/interpreter/linkResolver.cpp, line 773]
Event: 361.857 Thread 0x0000021443b3f800 Exception <a 'sun/net/ConnectionResetException'{0x000000009627a780}: > (0x000000009627a780) thrown at [./src/hotspot/share/prims/jni.cpp, line 636]
Event: 361.857 Thread 0x000002144bec3000 Exception <a 'sun/net/ConnectionResetException'{0x00000000963f7f08}: > (0x00000000963f7f08) thrown at [./src/hotspot/share/prims/jni.cpp, line 636]
Event: 363.998 Thread 0x000002144bec3000 Exception <a 'java/net/ConnectException'{0x0000000096109598}: Connection refused: connect> (0x0000000096109598) thrown at [./src/hotspot/share/prims/jni.cpp, line 636]
Event: 366.056 Thread 0x000002144bec3000 Exception <a 'java/net/ConnectException'{0x000000009610a928}: Connection refused: connect> (0x000000009610a928) thrown at [./src/hotspot/share/prims/jni.cpp, line 636]
Event: 368.112 Thread 0x000002144bec3000 Exception <a 'java/net/ConnectException'{0x000000009610bba8}: Connection refused: connect> (0x000000009610bba8) thrown at [./src/hotspot/share/prims/jni.cpp, line 636]
Event: 368.376 Thread 0x000002144bec3000 Exception <a 'java/lang/reflect/InvocationTargetException'{0x0000000096027498}> (0x0000000096027498) thrown at [./src/hotspot/share/runtime/reflection.cpp, line 1247]
Event: 368.391 Thread 0x000002144824d800 Exception <a 'java/lang/NoSuchMethodError'{0x0000000095e42ab8}: <clinit>> (0x0000000095e42ab8) thrown at [./src/hotspot/share/prims/jni.cpp, line 1362]
Event: 368.392 Thread 0x000002144824d800 Exception <a 'java/lang/NoSuchMethodError'{0x0000000095e4cd80}: <clinit>> (0x0000000095e4cd80) thrown at [./src/hotspot/share/prims/jni.cpp, line 1362]
Event: 368.427 Thread 0x0000021448247000 Exception <a 'sun/nio/fs/WindowsException'{0x0000000095e92ee8}> (0x0000000095e92ee8) thrown at [./src/hotspot/share/prims/jni.cpp, line 615]
Event: 368.427 Thread 0x0000021448247000 Exception <a 'sun/nio/fs/WindowsException'{0x0000000095e93060}> (0x0000000095e93060) thrown at [./src/hotspot/share/prims/jni.cpp, line 615]
Event: 368.427 Thread 0x0000021448247000 Exception <a 'sun/nio/fs/WindowsException'{0x0000000095e94a10}> (0x0000000095e94a10) thrown at [./src/hotspot/share/prims/jni.cpp, line 615]

Events (20 events):
Event: 368.639 Thread 0x0000021444e25800 Thread exited: 0x0000021444e25800
Event: 368.639 Thread 0x00000214459c9800 Thread exited: 0x00000214459c9800
Event: 368.639 Thread 0x00000214459c4000 Thread exited: 0x00000214459c4000
Event: 368.639 Thread 0x0000021445b8f000 Thread exited: 0x0000021445b8f000
Event: 368.644 Thread 0x000002144824d800 Thread exited: 0x000002144824d800
Event: 368.644 Thread 0x000002144824c800 Thread exited: 0x000002144824c800
Event: 368.647 Executing VM operation: RevokeBias
Event: 368.647 Executing VM operation: RevokeBias done
Event: 368.647 Thread 0x000002144824a000 Thread exited: 0x000002144824a000
Event: 368.652 Thread 0x000002144824b000 Thread exited: 0x000002144824b000
Event: 368.669 Executing VM operation: RevokeBias
Event: 368.669 Executing VM operation: RevokeBias done
Event: 368.670 Executing VM operation: RevokeBias
Event: 368.670 Executing VM operation: RevokeBias done
Event: 368.670 Thread 0x000002144824b800 Thread exited: 0x000002144824b800
Event: 377.494 Thread 0x000002144bec2800 Thread added: 0x000002144bec2800
Event: 377.503 Thread 0x000002144bec3000 Thread added: 0x000002144bec3000
Event: 377.518 Thread 0x000002144bebf000 Thread added: 0x000002144bebf000
Event: 377.518 Thread 0x000002144bec5800 Thread added: 0x000002144bec5800
Event: 377.519 Thread 0x000002144bec4800 Thread added: 0x000002144bec4800


Dynamic libraries:
0x00007ff72f340000 - 0x00007ff72f34a000 	C:\Program Files\Android\Android Studio\jre\bin\java.exe
0x00007ffffbe70000 - 0x00007ffffc065000 	C:\WINDOWS\SYSTEM32\ntdll.dll
0x00007ffffa5b0000 - 0x00007ffffa66e000 	C:\WINDOWS\System32\KERNEL32.DLL
0x00007ffff9990000 - 0x00007ffff9c58000 	C:\WINDOWS\System32\KERNELBASE.dll
0x00007ffff9890000 - 0x00007ffff9990000 	C:\WINDOWS\System32\ucrtbase.dll
0x00007fffe8e90000 - 0x00007fffe8ea7000 	C:\Program Files\Android\Android Studio\jre\bin\VCRUNTIME140.dll
0x00007fffe8e70000 - 0x00007fffe8e89000 	C:\Program Files\Android\Android Studio\jre\bin\jli.dll
0x00007ffffa140000 - 0x00007ffffa2e0000 	C:\WINDOWS\System32\USER32.dll
0x00007ffff9860000 - 0x00007ffff9882000 	C:\WINDOWS\System32\win32u.dll
0x00007fffe4d80000 - 0x00007fffe501a000 	C:\WINDOWS\WinSxS\amd64_microsoft.windows.common-controls_6595b64144ccf1df_6.0.19041.1110_none_60b5254171f9507e\COMCTL32.dll
0x00007ffffa7c0000 - 0x00007ffffa7eb000 	C:\WINDOWS\System32\GDI32.dll
0x00007ffffa670000 - 0x00007ffffa70e000 	C:\WINDOWS\System32\msvcrt.dll
0x00007ffff9db0000 - 0x00007ffff9ebd000 	C:\WINDOWS\System32\gdi32full.dll
0x00007ffff97c0000 - 0x00007ffff985d000 	C:\WINDOWS\System32\msvcp_win.dll
0x00007ffffb120000 - 0x00007ffffb150000 	C:\WINDOWS\System32\IMM32.DLL
0x00007fff92fa0000 - 0x00007fff9303d000 	C:\Program Files\Android\Android Studio\jre\bin\msvcp140.dll
0x00007fff90960000 - 0x00007fff91435000 	C:\Program Files\Android\Android Studio\jre\bin\server\jvm.dll
0x00007ffffa710000 - 0x00007ffffa7be000 	C:\WINDOWS\System32\ADVAPI32.dll
0x00007ffffb080000 - 0x00007ffffb11c000 	C:\WINDOWS\System32\sechost.dll
0x00007ffffb150000 - 0x00007ffffb275000 	C:\WINDOWS\System32\RPCRT4.dll
0x00007ffff9f50000 - 0x00007ffff9f58000 	C:\WINDOWS\System32\PSAPI.DLL
0x00007fffdd8a0000 - 0x00007fffdd8a9000 	C:\WINDOWS\SYSTEM32\WSOCK32.dll
0x00007ffff3a80000 - 0x00007ffff3a8a000 	C:\WINDOWS\SYSTEM32\VERSION.dll
0x00007fffe2700000 - 0x00007fffe2727000 	C:\WINDOWS\SYSTEM32\WINMM.dll
0x00007ffffa7f0000 - 0x00007ffffa85b000 	C:\WINDOWS\System32\WS2_32.dll
0x00007ffff7430000 - 0x00007ffff7442000 	C:\WINDOWS\SYSTEM32\kernel.appcore.dll
0x00007fffe5730000 - 0x00007fffe5741000 	C:\Program Files\Android\Android Studio\jre\bin\verify.dll
0x00007fffe2410000 - 0x00007fffe25f4000 	C:\WINDOWS\SYSTEM32\DBGHELP.DLL
0x00007fffdd130000 - 0x00007fffdd15c000 	C:\WINDOWS\SYSTEM32\dbgcore.DLL
0x00007ffff9730000 - 0x00007ffff97b2000 	C:\WINDOWS\System32\bcryptPrimitives.dll
0x00007fffe5700000 - 0x00007fffe5729000 	C:\Program Files\Android\Android Studio\jre\bin\java.dll
0x00007fffe56f0000 - 0x00007fffe56fb000 	C:\Program Files\Android\Android Studio\jre\bin\jimage.dll
0x00007fffbcb60000 - 0x00007fffbcb78000 	C:\Program Files\Android\Android Studio\jre\bin\zip.dll
0x00007ffffa930000 - 0x00007ffffb074000 	C:\WINDOWS\System32\SHELL32.dll
0x00007ffff7630000 - 0x00007ffff7dc4000 	C:\WINDOWS\SYSTEM32\windows.storage.dll
0x00007ffffb280000 - 0x00007ffffb5d5000 	C:\WINDOWS\System32\combase.dll
0x00007ffff8ef0000 - 0x00007ffff8f1e000 	C:\WINDOWS\SYSTEM32\Wldp.dll
0x00007ffffa090000 - 0x00007ffffa13d000 	C:\WINDOWS\System32\SHCORE.dll
0x00007ffffb790000 - 0x00007ffffb7e5000 	C:\WINDOWS\System32\shlwapi.dll
0x00007ffff94c0000 - 0x00007ffff94df000 	C:\WINDOWS\SYSTEM32\profapi.dll
0x00007fffbc550000 - 0x00007fffbc56a000 	C:\Program Files\Android\Android Studio\jre\bin\net.dll
0x00007ffff27e0000 - 0x00007ffff28ec000 	C:\WINDOWS\SYSTEM32\WINHTTP.dll
0x00007ffff8cd0000 - 0x00007ffff8d3a000 	C:\WINDOWS\system32\mswsock.dll
0x00007fffb9370000 - 0x00007fffb9384000 	C:\Program Files\Android\Android Studio\jre\bin\nio.dll
0x00007ffff4570000 - 0x00007ffff4597000 	C:\Users\Thinh\.gradle\native\e1d6ef7f7dcc3fd88c89a11ec53ec762bb8ba0a96d01ffa2cd45eb1d1d8dd5c5\windows-amd64\native-platform.dll
0x00007fff8b090000 - 0x00007fff8b1d4000 	C:\Users\Thinh\.gradle\native\5664cfc778a61ccfe75a443a1ab52a65af34e5dc3c78e0209fed803814484fcb\windows-amd64\native-platform-file-events.dll
0x00007fffe4360000 - 0x00007fffe436a000 	C:\Program Files\Android\Android Studio\jre\bin\management.dll
0x00007fffe1970000 - 0x00007fffe197d000 	C:\Program Files\Android\Android Studio\jre\bin\management_ext.dll
0x00007ffff8f30000 - 0x00007ffff8f48000 	C:\WINDOWS\SYSTEM32\CRYPTSP.dll
0x00007ffff8600000 - 0x00007ffff8634000 	C:\WINDOWS\system32\rsaenh.dll
0x00007ffff9d80000 - 0x00007ffff9da7000 	C:\WINDOWS\System32\bcrypt.dll
0x00007ffff9480000 - 0x00007ffff94ae000 	C:\WINDOWS\SYSTEM32\USERENV.dll
0x00007ffff8e60000 - 0x00007ffff8e6c000 	C:\WINDOWS\SYSTEM32\CRYPTBASE.dll
0x00007ffff8990000 - 0x00007ffff89cb000 	C:\WINDOWS\SYSTEM32\IPHLPAPI.DLL
0x00007ffffa910000 - 0x00007ffffa918000 	C:\WINDOWS\System32\NSI.dll
0x00007ffff1040000 - 0x00007ffff1057000 	C:\WINDOWS\SYSTEM32\dhcpcsvc6.DLL
0x00007ffff1020000 - 0x00007ffff103d000 	C:\WINDOWS\SYSTEM32\dhcpcsvc.DLL
0x00007ffff89e0000 - 0x00007ffff8aab000 	C:\WINDOWS\SYSTEM32\DNSAPI.dll
0x00007ffff8230000 - 0x00007ffff8263000 	C:\WINDOWS\SYSTEM32\ntmarta.dll
0x00007ffff2470000 - 0x00007ffff248e000 	C:\Users\Thinh\AppData\Local\Temp\native-platform9232028842907171924dir\native-platform.dll
0x00007ffff4990000 - 0x00007ffff4998000 	C:\Program Files\Android\Android Studio\jre\bin\rmi.dll
0x00007fffcd8f0000 - 0x00007fffcd907000 	C:\WINDOWS\system32\napinsp.dll
0x00007fffcca70000 - 0x00007fffcca8b000 	C:\WINDOWS\system32\pnrpnsp.dll
0x00007fffcb9a0000 - 0x00007fffcb9b5000 	C:\WINDOWS\system32\wshbth.dll
0x00007ffff50a0000 - 0x00007ffff50bd000 	C:\WINDOWS\system32\NLAapi.dll
0x00007fffcb980000 - 0x00007fffcb992000 	C:\WINDOWS\System32\winrnr.dll
0x00007fffead50000 - 0x00007fffead5a000 	C:\Windows\System32\rasadhlp.dll
0x00007ffff01e0000 - 0x00007ffff025f000 	C:\WINDOWS\System32\fwpuclnt.dll

dbghelp: loaded successfully - version: 4.0.5 - missing functions: none
symbol engine: initialized successfully - sym options: 0x614 - pdb path: .;C:\Program Files\Android\Android Studio\jre\bin;C:\WINDOWS\SYSTEM32;C:\WINDOWS\WinSxS\amd64_microsoft.windows.common-controls_6595b64144ccf1df_6.0.19041.1110_none_60b5254171f9507e;C:\Program Files\Android\Android Studio\jre\bin\server;C:\Users\Thinh\.gradle\native\e1d6ef7f7dcc3fd88c89a11ec53ec762bb8ba0a96d01ffa2cd45eb1d1d8dd5c5\windows-amd64;C:\Users\Thinh\.gradle\native\5664cfc778a61ccfe75a443a1ab52a65af34e5dc3c78e0209fed803814484fcb\windows-amd64;C:\Users\Thinh\AppData\Local\Temp\native-platform9232028842907171924dir

VM Arguments:
jvm_args: --add-opens=java.base/java.util=ALL-UNNAMED --add-opens=java.base/java.lang=ALL-UNNAMED --add-opens=java.base/java.lang.invoke=ALL-UNNAMED --add-opens=java.base/java.util=ALL-UNNAMED --add-opens=java.prefs/java.util.prefs=ALL-UNNAMED --add-opens=java.prefs/java.util.prefs=ALL-UNNAMED --add-opens=java.base/java.nio.charset=ALL-UNNAMED --add-opens=java.base/java.net=ALL-UNNAMED --add-opens=java.base/java.util.concurrent.atomic=ALL-UNNAMED -Xmx2048m -Dfile.encoding=UTF-8 -Duser.country=US -Duser.language=en -Duser.variant 
java_command: org.gradle.launcher.daemon.bootstrap.GradleDaemon 7.2
java_class_path (initial): C:\Users\Thinh\.gradle\wrapper\dists\gradle-7.2-bin\2dnblmf4td7x66yl1d74lt32g\gradle-7.2\lib\gradle-launcher-7.2.jar
Launcher Type: SUN_STANDARD

[Global flags]
     intx CICompilerCount                          = 3                                         {product} {ergonomic}
     uint ConcGCThreads                            = 1                                         {product} {ergonomic}
     uint G1ConcRefinementThreads                  = 4                                         {product} {ergonomic}
   size_t G1HeapRegionSize                         = 1048576                                   {product} {ergonomic}
    uintx GCDrainStackTargetSize                   = 64                                        {product} {ergonomic}
   size_t InitialHeapSize                          = 134217728                                 {product} {ergonomic}
   size_t MarkStackSize                            = 4194304                                   {product} {ergonomic}
   size_t MaxHeapSize                              = 2147483648                                {product} {command line}
   size_t MaxNewSize                               = 1287651328                                {product} {ergonomic}
   size_t MinHeapDeltaBytes                        = 1048576                                   {product} {ergonomic}
    uintx NonNMethodCodeHeapSize                   = 5830732                                {pd product} {ergonomic}
    uintx NonProfiledCodeHeapSize                  = 122913754                              {pd product} {ergonomic}
    uintx ProfiledCodeHeapSize                     = 122913754                              {pd product} {ergonomic}
    uintx ReservedCodeCacheSize                    = 251658240                              {pd product} {ergonomic}
     bool SegmentedCodeCache                       = true                                      {product} {ergonomic}
     bool UseCompressedClassPointers               = true                                 {lp64_product} {ergonomic}
     bool UseCompressedOops                        = true                                 {lp64_product} {ergonomic}
     bool UseG1GC                                  = true                                      {product} {ergonomic}
     bool UseLargePagesIndividualAllocation        = false                                  {pd product} {ergonomic}

Logging:
Log output configuration:
 #0: stdout all=warning uptime,level,tags
 #1: stderr all=off uptime,level,tags

Environment Variables:
JAVA_HOME=C:\Users\Thinh\Desktop\DoAn\jdk-17_windows-x64_bin\jdk-17
PATH=C:\Program Files\Common Files\Oracle\Java\javapath;D:\DATA\Program\WINDOWS.X64_193000_db_home\bin;C:\WINDOWS\system32;C:\WINDOWS;C:\WINDOWS\System32\Wbem;C:\WINDOWS\System32\WindowsPowerShell\v1.0\;C:\WINDOWS\System32\OpenSSH\;C:\Program Files\Git\cmd;C:\Program Files (x86)\NVIDIA Corporation\PhysX\Common;C:\Program Files\NVIDIA Corporation\NVIDIA NvDLISR;C:\Program Files\MySQL\MySQL Shell 8.0\bin\;D:\DATA\Program\WINDOWS.X64_193000_db_home\bin;C:\WINDOWS\system32;C:\WINDOWS;C:\WINDOWS\System32\Wbem;C:\WINDOWS\System32\WindowsPowerShell\v1.0\;C:\WINDOWS\System32\OpenSSH\;C:\Users\Thinh\AppData\Local\Programs\Python\Python39\Scripts\;C:\Users\Thinh\AppData\Local\Programs\Python\Python39\;C:\Users\Thinh\AppData\Local\Microsoft\WindowsApps;C:\Python37\Scripts;C:\Program Files\Multipass\bin;C:\modeltech64_2020.4\win64;C:\Users\Thinh\Desktop\DoAn\jdk-17_windows-x64_bin\jdk-17\bin;C:\Users\Thinh\Desktop\DoAn\apache-maven-3.8.3-bin\apache-maven-3.8.3\bin;C:\Users\Thinh\AppData\Local\Programs\Microsoft VS Code\bin;C:\Program Files\heroku\bin
USERNAME=Thinh
OS=Windows_NT
PROCESSOR_IDENTIFIER=Intel64 Family 6 Model 158 Stepping 9, GenuineIntel



---------------  S Y S T E M  ---------------

OS: Windows 10 , 64 bit Build 19041 (10.0.19041.1503)
OS uptime: 1 days 20:57 hours
Hyper-V role detected

CPU:total 4 (initial active 4) (4 cores per cpu, 1 threads per core) family 6 model 158 stepping 9 microcode 0xb4, cmov, cx8, fxsr, mmx, sse, sse2, sse3, ssse3, sse4.1, sse4.2, popcnt, avx, avx2, aes, clmul, erms, 3dnowpref, lzcnt, tsc, tscinvbit, bmi1, bmi2, adx, fma

Memory: 4k page, system-wide physical 8075M (220M free)
TotalPageFile size 16075M (AvailPageFile size 0M)
current process WorkingSet (physical memory assigned to process): 368M, peak: 654M
current process commit charge ("private bytes"): 749M, peak: 808M

vm_info: OpenJDK 64-Bit Server VM (11.0.11+9-b60-7590822) for windows-amd64 JRE (11.0.11+9-b60-7590822), built on Jul 29 2021 21:43:44 by "builder" with MS VC++ 14.0 (VS2015)

END.
