#
# There is insufficient memory for the Java Runtime Environment to continue.
# Native memory allocation (mmap) failed to map 134217728 bytes for Failed to commit area from 0x0000000081c00000 to 0x0000000089c00000 of length 134217728.
# Possible reasons:
#   The system is out of physical RAM or swap space
#   The process is running with CompressedOops enabled, and the Java Heap may be blocking the growth of the native heap
# Possible solutions:
#   Reduce memory load on the system
#   Increase physical memory or swap space
#   Check if swap backing store is full
#   Decrease Java heap size (-Xmx/-Xms)
#   Decrease number of Java threads
#   Decrease Java thread stack sizes (-Xss)
#   Set larger code cache with -XX:ReservedCodeCacheSize=
# This output file may be truncated or incomplete.
#
#  Out of Memory Error (./src/hotspot/os/windows/os_windows.cpp:3301), pid=9748, tid=17176
#
# JRE version:  (11.0.11+9) (build )
# Java VM: OpenJDK 64-Bit Server VM (11.0.11+9-b60-7590822, mixed mode, sharing, tiered, compressed oops, g1 gc, windows-amd64)
# No core dump will be written. Minidumps are not enabled by default on client versions of Windows
#

---------------  S U M M A R Y ------------

Command Line: org.jetbrains.kotlin.cli.jvm.K2JVMCompiler @D:\Kotlin\BT\v2\exerciseMobileApp\firstexercise\app\build\20220312_17743482883800507044.compiler.options

Host: Intel(R) Core(TM) i5-7300HQ CPU @ 2.50GHz, 4 cores, 7G,  Windows 10 , 64 bit Build 19041 (10.0.19041.1503)
Time: Sat Mar 12 09:22:11 2022 SE Asia Standard Time elapsed time: 0.020728 seconds (0d 0h 0m 0s)

---------------  T H R E A D  ---------------

Current thread (0x000001638c4ac000):  JavaThread "Unknown thread" [_thread_in_vm, id=17176, stack(0x00000001a5200000,0x00000001a5300000)]

Stack: [0x00000001a5200000,0x00000001a5300000]
Native frames: (J=compiled Java code, j=interpreted, Vv=VM code, C=native code)
V  [jvm.dll+0x5f214a]
V  [jvm.dll+0x726fb5]
V  [jvm.dll+0x7285cd]
V  [jvm.dll+0x728c83]
V  [jvm.dll+0x243278]
V  [jvm.dll+0x5ef544]
V  [jvm.dll+0x5e4495]
V  [jvm.dll+0x2fec5b]
V  [jvm.dll+0x2febca]
V  [jvm.dll+0x2feaa2]
V  [jvm.dll+0x303986]
V  [jvm.dll+0x34c3a3]
V  [jvm.dll+0x34caa6]
V  [jvm.dll+0x34c4a3]
V  [jvm.dll+0x2d9688]
V  [jvm.dll+0x2da837]
V  [jvm.dll+0x705ba7]
V  [jvm.dll+0x70739c]
V  [jvm.dll+0x3598f9]
V  [jvm.dll+0x6e931e]
V  [jvm.dll+0x3c1c43]
V  [jvm.dll+0x3c3e81]
C  [jli.dll+0x5373]
C  [ucrtbase.dll+0x21bb2]
C  [KERNEL32.DLL+0x17034]
C  [ntdll.dll+0x52651]


---------------  P R O C E S S  ---------------

Threads class SMR info:
_java_thread_list=0x000001638a3e3020, length=0, elements={
}

Java Threads: ( => current thread )

Other Threads:
  0x000001638c4c5000 GCTaskThread "GC Thread#0" [stack: 0x00000001a5300000,0x00000001a5400000] [id=9212]
  0x000001638c4f5000 ConcurrentGCThread "G1 Main Marker" [stack: 0x00000001a5400000,0x00000001a5500000] [id=6596]
  0x000001638c4f6800 ConcurrentGCThread "G1 Conc#0" [stack: 0x00000001a5500000,0x00000001a5600000] [id=18344]

[error occurred during error reporting (printing all threads), id 0xc0000005, EXCEPTION_ACCESS_VIOLATION (0xc0000005) at pc=0x00007fff90c49c47]

VM state:not at safepoint (not fully initialized)

VM Mutex/Monitor currently owned by a thread:  ([mutex/lock_event])
[0x000001638c4a7ec0] Heap_lock - owner thread: 0x000001638c4ac000

Heap address: 0x0000000081c00000, size: 2020 MB, Compressed Oops mode: Non-zero based: 0x0000000081c00000
Narrow klass base: 0x0000000000000000, Narrow klass shift: 0

GC Heap History (0 events):
No events

Deoptimization events (0 events):
No events

Classes redefined (0 events):
No events

Internal exceptions (0 events):
No events

Events (1 events):
Event: 0.016 Loaded shared library C:\Program Files\Android\Android Studio\jre\bin\zip.dll


Dynamic libraries:
0x00007ff72f340000 - 0x00007ff72f34a000 	C:\Program Files\Android\Android Studio\jre\bin\java.exe
0x00007ffffbe70000 - 0x00007ffffc065000 	C:\WINDOWS\SYSTEM32\ntdll.dll
0x00007ffffa5b0000 - 0x00007ffffa66e000 	C:\WINDOWS\System32\KERNEL32.DLL
0x00007ffff9990000 - 0x00007ffff9c58000 	C:\WINDOWS\System32\KERNELBASE.dll
0x00007ffff9890000 - 0x00007ffff9990000 	C:\WINDOWS\System32\ucrtbase.dll
0x00007fffe8e70000 - 0x00007fffe8e89000 	C:\Program Files\Android\Android Studio\jre\bin\jli.dll
0x00007fffe8e90000 - 0x00007fffe8ea7000 	C:\Program Files\Android\Android Studio\jre\bin\VCRUNTIME140.dll
0x00007ffffa140000 - 0x00007ffffa2e0000 	C:\WINDOWS\System32\USER32.dll
0x00007ffff9860000 - 0x00007ffff9882000 	C:\WINDOWS\System32\win32u.dll
0x00007ffffa7c0000 - 0x00007ffffa7eb000 	C:\WINDOWS\System32\GDI32.dll
0x00007ffff9db0000 - 0x00007ffff9ebd000 	C:\WINDOWS\System32\gdi32full.dll
0x00007ffff97c0000 - 0x00007ffff985d000 	C:\WINDOWS\System32\msvcp_win.dll
0x00007fffe4d80000 - 0x00007fffe501a000 	C:\WINDOWS\WinSxS\amd64_microsoft.windows.common-controls_6595b64144ccf1df_6.0.19041.1110_none_60b5254171f9507e\COMCTL32.dll
0x00007ffffa670000 - 0x00007ffffa70e000 	C:\WINDOWS\System32\msvcrt.dll
0x00007ffffb120000 - 0x00007ffffb150000 	C:\WINDOWS\System32\IMM32.DLL
0x00007fff92fa0000 - 0x00007fff9303d000 	C:\Program Files\Android\Android Studio\jre\bin\msvcp140.dll
0x00007fff90960000 - 0x00007fff91435000 	C:\Program Files\Android\Android Studio\jre\bin\server\jvm.dll
0x00007ffffa710000 - 0x00007ffffa7be000 	C:\WINDOWS\System32\ADVAPI32.dll
0x00007ffffb080000 - 0x00007ffffb11c000 	C:\WINDOWS\System32\sechost.dll
0x00007ffffb150000 - 0x00007ffffb275000 	C:\WINDOWS\System32\RPCRT4.dll
0x00007ffff9f50000 - 0x00007ffff9f58000 	C:\WINDOWS\System32\PSAPI.DLL
0x00007fffdd8a0000 - 0x00007fffdd8a9000 	C:\WINDOWS\SYSTEM32\WSOCK32.dll
0x00007ffffa7f0000 - 0x00007ffffa85b000 	C:\WINDOWS\System32\WS2_32.dll
0x00007fffe2700000 - 0x00007fffe2727000 	C:\WINDOWS\SYSTEM32\WINMM.dll
0x00007ffff3a80000 - 0x00007ffff3a8a000 	C:\WINDOWS\SYSTEM32\VERSION.dll
0x00007ffff7430000 - 0x00007ffff7442000 	C:\WINDOWS\SYSTEM32\kernel.appcore.dll
0x00007fffe5730000 - 0x00007fffe5741000 	C:\Program Files\Android\Android Studio\jre\bin\verify.dll
0x00007fffe2410000 - 0x00007fffe25f4000 	C:\WINDOWS\SYSTEM32\DBGHELP.DLL
0x00007fffdd130000 - 0x00007fffdd15c000 	C:\WINDOWS\SYSTEM32\dbgcore.DLL
0x00007ffff9730000 - 0x00007ffff97b2000 	C:\WINDOWS\System32\bcryptPrimitives.dll
0x00007fffe5700000 - 0x00007fffe5729000 	C:\Program Files\Android\Android Studio\jre\bin\java.dll
0x00007fffe56f0000 - 0x00007fffe56fb000 	C:\Program Files\Android\Android Studio\jre\bin\jimage.dll
0x00007fffbcb60000 - 0x00007fffbcb78000 	C:\Program Files\Android\Android Studio\jre\bin\zip.dll

dbghelp: loaded successfully - version: 4.0.5 - missing functions: none
symbol engine: initialized successfully - sym options: 0x614 - pdb path: .;C:\Program Files\Android\Android Studio\jre\bin;C:\WINDOWS\SYSTEM32;C:\WINDOWS\WinSxS\amd64_microsoft.windows.common-controls_6595b64144ccf1df_6.0.19041.1110_none_60b5254171f9507e;C:\Program Files\Android\Android Studio\jre\bin\server

VM Arguments:
java_command: org.jetbrains.kotlin.cli.jvm.K2JVMCompiler @D:\Kotlin\BT\v2\exerciseMobileApp\firstexercise\app\build\20220312_17743482883800507044.compiler.options
java_class_path (initial): C:\Users\Thinh\.gradle\caches\modules-2\files-2.1\org.jetbrains.kotlin\kotlin-compiler-embeddable\1.6.10\88f2073f4020cdb83132cfe940ceb9a60aba54ea\kotlin-compiler-embeddable-1.6.10.jar;C:\Users\Thinh\.gradle\caches\modules-2\files-2.1\org.jetbrains.kotlin\kotlin-reflect\1.6.10\1cbe9c92c12a94eea200d23c2bbaedaf3daf5132\kotlin-reflect-1.6.10.jar;C:\Users\Thinh\.gradle\caches\modules-2\files-2.1\org.jetbrains.kotlin\kotlin-stdlib\1.6.10\b8af3fe6f1ca88526914929add63cf5e7c5049af\kotlin-stdlib-1.6.10.jar;C:\Users\Thinh\.gradle\caches\modules-2\files-2.1\org.jetbrains.kotlin\kotlin-script-runtime\1.6.10\d0a7ff2e2500ef497ed0214ae40ad3c8387a6164\kotlin-script-runtime-1.6.10.jar;C:\Users\Thinh\.gradle\caches\modules-2\files-2.1\org.jetbrains.kotlin\kotlin-daemon-embeddable\1.6.10\a56d79bcbea411fa6058e4ecffc2de73e742bd2a\kotlin-daemon-embeddable-1.6.10.jar;C:\Users\Thinh\.gradle\caches\modules-2\files-2.1\org.jetbrains.intellij.deps\trove4j\1.0.20181211\216c2e14b070f334479d800987affe4054cd563f\trove4j-1.0.20181211.jar;C:\Users\Thinh\.gradle\caches\modules-2\files-2.1\net.java.dev.jna\jna\5.6.0\330f2244e9030119ab3030fc3fededc86713d9cc\jna-5.6.0.jar;C:\Users\Thinh\.gradle\caches\modules-2\files-2.1\org.jetbrains\annotations\13.0\919f0dfe192fb4e063e7dacadee7f8bb9a2672a9\annotations-13.0.jar;C:\Users\Thinh\.gradle\caches\modules-2\files-2.1\org.jetbrains.kotlin\kotlin-stdlib-common\1.6.10\c118700e3a33c8a0d9adc920e9dec0831171925\kotlin-stdlib-common-1.6.10.jar
Launcher Type: SUN_STANDARD

[Global flags]
     intx CICompilerCount                          = 3                                         {product} {ergonomic}
     uint ConcGCThreads                            = 1                                         {product} {ergonomic}
     uint G1ConcRefinementThreads                  = 4                                         {product} {ergonomic}
   size_t G1HeapRegionSize                         = 1048576                                   {product} {ergonomic}
    uintx GCDrainStackTargetSize                   = 64                                        {product} {ergonomic}
   size_t InitialHeapSize                          = 134217728                                 {product} {ergonomic}
   size_t MarkStackSize                            = 4194304                                   {product} {ergonomic}
   size_t MaxHeapSize                              = 2118123520                                {product} {ergonomic}
   size_t MinHeapDeltaBytes                        = 1048576                                   {product} {ergonomic}
    uintx NonNMethodCodeHeapSize                   = 5830732                                {pd product} {ergonomic}
    uintx NonProfiledCodeHeapSize                  = 122913754                              {pd product} {ergonomic}
    uintx ProfiledCodeHeapSize                     = 122913754                              {pd product} {ergonomic}
    uintx ReservedCodeCacheSize                    = 251658240                              {pd product} {ergonomic}
     bool SegmentedCodeCache                       = true                                      {product} {ergonomic}
     bool UseCompressedClassPointers               = true                                 {lp64_product} {ergonomic}
     bool UseCompressedOops                        = true                                 {lp64_product} {ergonomic}
     bool UseG1GC                                  = true                                      {product} {ergonomic}
     bool UseLargePagesIndividualAllocation        = false                                  {pd product} {ergonomic}

Logging:
Log output configuration:
 #0: stdout all=warning uptime,level,tags
 #1: stderr all=off uptime,level,tags

Environment Variables:
JAVA_HOME=C:\Users\Thinh\Desktop\DoAn\jdk-17_windows-x64_bin\jdk-17
PATH=C:\Program Files\Common Files\Oracle\Java\javapath;D:\DATA\Program\WINDOWS.X64_193000_db_home\bin;C:\WINDOWS\system32;C:\WINDOWS;C:\WINDOWS\System32\Wbem;C:\WINDOWS\System32\WindowsPowerShell\v1.0\;C:\WINDOWS\System32\OpenSSH\;C:\Program Files\Git\cmd;C:\Program Files (x86)\NVIDIA Corporation\PhysX\Common;C:\Program Files\NVIDIA Corporation\NVIDIA NvDLISR;C:\Program Files\MySQL\MySQL Shell 8.0\bin\;D:\DATA\Program\WINDOWS.X64_193000_db_home\bin;C:\WINDOWS\system32;C:\WINDOWS;C:\WINDOWS\System32\Wbem;C:\WINDOWS\System32\WindowsPowerShell\v1.0\;C:\WINDOWS\System32\OpenSSH\;C:\Users\Thinh\AppData\Local\Programs\Python\Python39\Scripts\;C:\Users\Thinh\AppData\Local\Programs\Python\Python39\;C:\Users\Thinh\AppData\Local\Microsoft\WindowsApps;C:\Python37\Scripts;C:\Program Files\Multipass\bin;C:\modeltech64_2020.4\win64;C:\Users\Thinh\Desktop\DoAn\jdk-17_windows-x64_bin\jdk-17\bin;C:\Users\Thinh\Desktop\DoAn\apache-maven-3.8.3-bin\apache-maven-3.8.3\bin;C:\Users\Thinh\AppData\Local\Programs\Microsoft VS Code\bin;C:\Program Files\heroku\bin
USERNAME=Thinh
OS=Windows_NT
PROCESSOR_IDENTIFIER=Intel64 Family 6 Model 158 Stepping 9, GenuineIntel



---------------  S Y S T E M  ---------------

OS: Windows 10 , 64 bit Build 19041 (10.0.19041.1503)
OS uptime: 1 days 20:57 hours
Hyper-V role detected

CPU:total 4 (initial active 4) (4 cores per cpu, 1 threads per core) family 6 model 158 stepping 9 microcode 0xb4, cmov, cx8, fxsr, mmx, sse, sse2, sse3, ssse3, sse4.1, sse4.2, popcnt, avx, avx2, aes, clmul, erms, 3dnowpref, lzcnt, tsc, tscinvbit, bmi1, bmi2, adx, fma

Memory: 4k page, system-wide physical 8075M (251M free)
TotalPageFile size 16075M (AvailPageFile size 95M)
current process WorkingSet (physical memory assigned to process): 9M, peak: 9M
current process commit charge ("private bytes"): 51M, peak: 179M

vm_info: OpenJDK 64-Bit Server VM (11.0.11+9-b60-7590822) for windows-amd64 JRE (11.0.11+9-b60-7590822), built on Jul 29 2021 21:43:44 by "builder" with MS VC++ 14.0 (VS2015)

END.
